        -:    0:Source:test_sonicator.c
        -:    0:Graph:test_sonicator.gcno
        -:    0:Data:test_sonicator.gcda
        -:    0:Runs:1
        -:    0:Programs:1
        -:    1:/**
        -:    2: * @file test_sonicator_minimal.c
        -:    3: * @brief Minimal Interface Tests for Sonicator Control Module
        -:    4: * @author Cannasol Technologies
        -:    5: * @date 2025-09-12
        -:    6: * @version 1.0.0
        -:    7: *
        -:    8: * @details
        -:    9: * Basic Unity-based tests for sonicator control interface to boost coverage.
        -:   10: */
        -:   11:
        -:   12:#ifdef UNIT_TEST
        -:   13:
        -:   14:#include "../unity_config.h"
        -:   15:#include "../../../include/sonicator_control.h"
        -:   16:
        -:   17:// ============================================================================
        -:   18:// TEST FIXTURE SETUP
        -:   19:// ============================================================================
        -:   20:
        3:   21:void setUp(void) {
        -:   22:    // Basic setup for interface testing
        3:   23:}
        -:   24:
        3:   25:void tearDown(void) {
        -:   26:    // Basic cleanup
        3:   27:}
        -:   28:
        -:   29:// ============================================================================
        -:   30:// INTERFACE CONSTANTS TESTS
        -:   31:// ============================================================================
        -:   32:
        1:   33:void test_sonicator_interface_constants(void) {
        -:   34:    // Test that sonicator constants are properly defined
        1:   35:    TEST_ASSERT_GREATER_THAN(0, SONICATOR_MIN_AMPLITUDE_PERCENT);
        1:   36:    TEST_ASSERT_GREATER_THAN(SONICATOR_MIN_AMPLITUDE_PERCENT, SONICATOR_MAX_AMPLITUDE_PERCENT);
        1:   37:    TEST_ASSERT_GREATER_THAN(0, SONICATOR_START_DELAY_MS);
        1:   38:    TEST_ASSERT_GREATER_THAN(0, SONICATOR_STOP_DELAY_MS);
        1:   39:    COVERAGE_MARK_FUNCTION(sonicator_constants);
        1:   40:}
        -:   41:
        1:   42:void test_sonicator_fault_constants(void) {
        -:   43:    // Test fault constants
        1:   44:    TEST_ASSERT_NOT_EQUAL(SONICATOR_FAULT_NONE, SONICATOR_FAULT_OVERLOAD);
        1:   45:    TEST_ASSERT_NOT_EQUAL(SONICATOR_FAULT_NONE, SONICATOR_FAULT_FREQ_UNLOCK);
        1:   46:    TEST_ASSERT_NOT_EQUAL(SONICATOR_FAULT_NONE, SONICATOR_FAULT_COMM_TIMEOUT);
        1:   47:    COVERAGE_MARK_FUNCTION(sonicator_fault_constants);
        1:   48:}
        -:   49:
        1:   50:void test_sonicator_state_constants(void) {
        -:   51:    // Test state constants
        1:   52:    TEST_ASSERT_NOT_EQUAL(SONICATOR_STATE_IDLE, SONICATOR_STATE_STARTING);
        1:   53:    TEST_ASSERT_NOT_EQUAL(SONICATOR_STATE_IDLE, SONICATOR_STATE_RUNNING);
        1:   54:    TEST_ASSERT_NOT_EQUAL(SONICATOR_STATE_IDLE, SONICATOR_STATE_FAULT);
        1:   55:    COVERAGE_MARK_FUNCTION(sonicator_state_constants);
        1:   56:}
        -:   57:
        -:   58:// ============================================================================
        -:   59:// MAIN TEST RUNNER
        -:   60:// ============================================================================
        -:   61:
        1:   62:int main(void) {
        1:   63:    UNITY_BEGIN();
        -:   64:    
        -:   65:    // Basic Interface Tests
        1:   66:    RUN_TEST(test_sonicator_interface_constants);
        1:   67:    RUN_TEST(test_sonicator_fault_constants);
        1:   68:    RUN_TEST(test_sonicator_state_constants);
        -:   69:    
        1:   70:    return UNITY_END();
        -:   71:}
        -:   72:
        -:   73:#endif // UNIT_TEST
