<testsuite name="features.production_validation.Production Validation Testing" tests="13" errors="13" failures="0" skipped="0" time="0.0" timestamp="2025-09-16T18:33:03.305720" hostname="Corbans-Mini.home"><testcase classname="features.production_validation.Production Validation Testing" name="Factory acceptance test sequence" status="cleanup_error" time="0"><error type="NoneType" message="None">
<![CDATA[
Failing step: Given the Multi-Sonicator I/O Controller is in production configuration ... undefined in 0.000s
Location: test/acceptance/features/production_validation.feature:7
None]]>
</error><system-out>
<![CDATA[
@scenario.begin

  @production @validation @critical
  Scenario: Factory acceptance test sequence
    Given the Multi-Sonicator I/O Controller is in production configuration ... undefined in 0.000s
    And all hardware components are properly installed ... undefined in 0.000s
    And the system has passed initial factory tests ... undefined in 0.000s
    Given the system is in factory test mode ... undefined in 0.000s
    When I execute the complete factory test sequence ... undefined in 0.000s
    Then all hardware interfaces should pass connectivity tests ... undefined in 0.000s
    And all sonicator control circuits should pass functional tests ... undefined in 0.000s
    And MODBUS communication should pass protocol compliance tests ... undefined in 0.000s
    And power supply regulation should pass load tests ... undefined in 0.000s
    And all safety systems should pass verification tests ... undefined in 0.000s
    And the system should generate a passing factory test report ... undefined in 0.000s

@scenario.end
--------------------------------------------------------------------------------
]]>
</system-out></testcase><testcase classname="features.production_validation.Production Validation Testing" name="Environmental stress testing" status="cleanup_error" time="0"><error type="NoneType" message="None">
<![CDATA[
Failing step: Given the Multi-Sonicator I/O Controller is in production configuration ... undefined in 0.000s
Location: test/acceptance/features/production_validation.feature:7
None]]>
</error><system-out>
<![CDATA[
@scenario.begin

  @production @validation @environmental
  Scenario: Environmental stress testing
    Given the Multi-Sonicator I/O Controller is in production configuration ... undefined in 0.000s
    And all hardware components are properly installed ... undefined in 0.000s
    And the system has passed initial factory tests ... undefined in 0.000s
    Given the system is configured for environmental testing ... undefined in 0.000s
    When I subject the system to temperature cycling from -10°C to +60°C ... undefined in 0.000s
    And I subject the system to humidity variations from 10% to 90% RH ... undefined in 0.000s
    And I subject the system to vibration testing per industrial standards ... undefined in 0.000s
    Then the system should maintain full functionality throughout ... undefined in 0.000s
    And no performance degradation should occur ... undefined in 0.000s
    And all connections should remain secure ... undefined in 0.000s
    And the enclosure should maintain its integrity ... undefined in 0.000s

@scenario.end
--------------------------------------------------------------------------------
]]>
</system-out></testcase><testcase classname="features.production_validation.Production Validation Testing" name="Electrical safety and compliance validation" status="cleanup_error" time="0"><error type="NoneType" message="None">
<![CDATA[
Failing step: Given the Multi-Sonicator I/O Controller is in production configuration ... undefined in 0.000s
Location: test/acceptance/features/production_validation.feature:7
None]]>
</error><system-out>
<![CDATA[
@scenario.begin

  @production @validation @electrical
  Scenario: Electrical safety and compliance validation
    Given the Multi-Sonicator I/O Controller is in production configuration ... undefined in 0.000s
    And all hardware components are properly installed ... undefined in 0.000s
    And the system has passed initial factory tests ... undefined in 0.000s
    Given the system is configured for electrical testing ... undefined in 0.000s
    When I perform insulation resistance testing ... undefined in 0.000s
    And I perform ground continuity testing ... undefined in 0.000s
    And I perform surge immunity testing ... undefined in 0.000s
    And I perform EMC/EMI compliance testing ... undefined in 0.000s
    Then all tests should pass industrial safety standards ... undefined in 0.000s
    And the system should meet CE marking requirements ... undefined in 0.000s
    And no electrical hazards should be present ... undefined in 0.000s
    And EMC emissions should be within acceptable limits ... undefined in 0.000s

@scenario.end
--------------------------------------------------------------------------------
]]>
</system-out></testcase><testcase classname="features.production_validation.Production Validation Testing" name="Long-term reliability testing" status="cleanup_error" time="0"><error type="NoneType" message="None">
<![CDATA[
Failing step: Given the Multi-Sonicator I/O Controller is in production configuration ... undefined in 0.000s
Location: test/acceptance/features/production_validation.feature:7
None]]>
</error><system-out>
<![CDATA[
@scenario.begin

  @production @validation @reliability
  Scenario: Long-term reliability testing
    Given the Multi-Sonicator I/O Controller is in production configuration ... undefined in 0.000s
    And all hardware components are properly installed ... undefined in 0.000s
    And the system has passed initial factory tests ... undefined in 0.000s
    Given the system is configured for reliability testing ... undefined in 0.000s
    When I run the system continuously for 168 hours (1 week) ... undefined in 0.000s
    And all sonicators cycle through various operating conditions ... undefined in 0.000s
    And I monitor all system parameters continuously ... undefined in 0.000s
    Then no failures or degradation should occur ... undefined in 0.000s
    And all telemetry should remain accurate ... undefined in 0.000s
    And no memory leaks or resource exhaustion should occur ... undefined in 0.000s
    And the system should maintain stable operation ... skipped in 0.000s

@scenario.end
--------------------------------------------------------------------------------
]]>
</system-out></testcase><testcase classname="features.production_validation.Production Validation Testing" name="Performance specification validation" status="cleanup_error" time="0"><error type="NoneType" message="None">
<![CDATA[
Failing step: Given the Multi-Sonicator I/O Controller is in production configuration ... undefined in 0.000s
Location: test/acceptance/features/production_validation.feature:7
None]]>
</error><system-out>
<![CDATA[
@scenario.begin

  @production @validation @performance
  Scenario: Performance specification validation
    Given the Multi-Sonicator I/O Controller is in production configuration ... undefined in 0.000s
    And all hardware components are properly installed ... undefined in 0.000s
    And the system has passed initial factory tests ... undefined in 0.000s
    Given the system is configured for performance testing ... undefined in 0.000s
    When I measure command response times under various loads ... undefined in 0.000s
    Then start/stop commands should complete within 200ms ... undefined in 0.000s
    And amplitude changes should be reflected within 100ms ... undefined in 0.000s
    And MODBUS register updates should occur within 100ms ... undefined in 0.000s
    And telemetry updates should occur at minimum 10Hz ... undefined in 0.000s
    And power measurement accuracy should be within ±2% ... undefined in 0.000s
    And frequency measurement accuracy should be within ±1% ... undefined in 0.000s

@scenario.end
--------------------------------------------------------------------------------
]]>
</system-out></testcase><testcase classname="features.production_validation.Production Validation Testing" name="Safety system validation" status="cleanup_error" time="0"><error type="NoneType" message="None">
<![CDATA[
Failing step: Given the Multi-Sonicator I/O Controller is in production configuration ... undefined in 0.000s
Location: test/acceptance/features/production_validation.feature:7
None]]>
</error><system-out>
<![CDATA[
@scenario.begin

  @production @validation @safety
  Scenario: Safety system validation
    Given the Multi-Sonicator I/O Controller is in production configuration ... undefined in 0.000s
    And all hardware components are properly installed ... undefined in 0.000s
    And the system has passed initial factory tests ... undefined in 0.000s
    Given the system is configured for safety testing ... undefined in 0.000s
    When I test the emergency stop functionality ... undefined in 0.000s
    Then all sonicators should stop within 50ms ... undefined in 0.000s
    When I test overload protection for each sonicator ... undefined in 0.000s
    Then overload conditions should be detected within 100ms ... undefined in 0.000s
    When I test watchdog timer functionality ... undefined in 0.000s
    Then system resets should occur within specified timeouts ... undefined in 0.000s
    When I test communication fault detection ... undefined in 0.000s
    Then faults should be detected and handled appropriately ... undefined in 0.000s

@scenario.end
--------------------------------------------------------------------------------
]]>
</system-out></testcase><testcase classname="features.production_validation.Production Validation Testing" name="MODBUS protocol compliance validation" status="cleanup_error" time="0"><error type="NoneType" message="None">
<![CDATA[
Failing step: Given the Multi-Sonicator I/O Controller is in production configuration ... undefined in 0.000s
Location: test/acceptance/features/production_validation.feature:7
None]]>
</error><system-out>
<![CDATA[
@scenario.begin

  @production @validation @modbus
  Scenario: MODBUS protocol compliance validation
    Given the Multi-Sonicator I/O Controller is in production configuration ... undefined in 0.000s
    And all hardware components are properly installed ... undefined in 0.000s
    And the system has passed initial factory tests ... undefined in 0.000s
    Given the system is configured for MODBUS testing ... undefined in 0.000s
    When I test all supported MODBUS function codes ... undefined in 0.000s
    Then function code 03 (Read Holding Registers) should work correctly ... undefined in 0.000s
    And function code 06 (Write Single Register) should work correctly ... undefined in 0.000s
    And function code 16 (Write Multiple Registers) should work correctly ... undefined in 0.000s
    When I test error handling and exception responses ... undefined in 0.000s
    Then illegal address exceptions should be handled correctly ... undefined in 0.000s
    And illegal data value exceptions should be handled correctly ... undefined in 0.000s
    And CRC errors should be detected and rejected ... undefined in 0.000s

@scenario.end
--------------------------------------------------------------------------------
]]>
</system-out></testcase><testcase classname="features.production_validation.Production Validation Testing" name="PLC integration validation" status="cleanup_error" time="0"><error type="NoneType" message="None">
<![CDATA[
Failing step: Given the Multi-Sonicator I/O Controller is in production configuration ... undefined in 0.000s
Location: test/acceptance/features/production_validation.feature:7
None]]>
</error><system-out>
<![CDATA[
@scenario.begin

  @production @validation @interoperability
  Scenario: PLC integration validation
    Given the Multi-Sonicator I/O Controller is in production configuration ... undefined in 0.000s
    And all hardware components are properly installed ... undefined in 0.000s
    And the system has passed initial factory tests ... undefined in 0.000s
    Given the system is connected to a Velocio 1630c PLC ... undefined in 0.000s
    When I configure the PLC for multi-sonicator operation ... undefined in 0.000s
    Then the PLC should successfully communicate with the controller ... undefined in 0.000s
    And all register mappings should work correctly ... undefined in 0.000s
    And HMI integration should function properly ... undefined in 0.000s
    And alarm handling should work as specified ... undefined in 0.000s
    And data logging should capture all required parameters ... undefined in 0.000s

@scenario.end
--------------------------------------------------------------------------------
]]>
</system-out></testcase><testcase classname="features.production_validation.Production Validation Testing" name="Manufacturing test automation" status="cleanup_error" time="0"><error type="NoneType" message="None">
<![CDATA[
Failing step: Given the Multi-Sonicator I/O Controller is in production configuration ... undefined in 0.000s
Location: test/acceptance/features/production_validation.feature:7
None]]>
</error><system-out>
<![CDATA[
@scenario.begin

  @production @validation @manufacturing
  Scenario: Manufacturing test automation
    Given the Multi-Sonicator I/O Controller is in production configuration ... undefined in 0.000s
    And all hardware components are properly installed ... undefined in 0.000s
    And the system has passed initial factory tests ... undefined in 0.000s
    Given the system is on the manufacturing test fixture ... undefined in 0.000s
    When I execute the automated manufacturing test sequence ... undefined in 0.000s
    Then all PCB traces should pass continuity testing ... undefined in 0.000s
    And all component values should be within tolerance ... undefined in 0.000s
    And all solder joints should pass inspection ... undefined in 0.000s
    And firmware programming should complete successfully ... undefined in 0.000s
    And calibration should be performed and verified ... undefined in 0.000s
    And the system should receive a unique serial number ... undefined in 0.000s

@scenario.end
--------------------------------------------------------------------------------
]]>
</system-out></testcase><testcase classname="features.production_validation.Production Validation Testing" name="Documentation and traceability validation" status="cleanup_error" time="0"><error type="NoneType" message="None">
<![CDATA[
Failing step: Given the Multi-Sonicator I/O Controller is in production configuration ... undefined in 0.000s
Location: test/acceptance/features/production_validation.feature:7
None]]>
</error><system-out>
<![CDATA[
@scenario.begin

  @production @validation @documentation
  Scenario: Documentation and traceability validation
    Given the Multi-Sonicator I/O Controller is in production configuration ... undefined in 0.000s
    And all hardware components are properly installed ... undefined in 0.000s
    And the system has passed initial factory tests ... undefined in 0.000s
    Given the system is ready for shipment ... undefined in 0.000s
    When I verify all required documentation ... undefined in 0.000s
    Then the user manual should be complete and accurate ... undefined in 0.000s
    And installation instructions should be clear and correct ... undefined in 0.000s
    And maintenance procedures should be documented ... undefined in 0.000s
    And troubleshooting guides should be comprehensive ... undefined in 0.000s
    And all certifications should be included ... undefined in 0.000s
    And traceability records should be complete ... undefined in 0.000s

@scenario.end
--------------------------------------------------------------------------------
]]>
</system-out></testcase><testcase classname="features.production_validation.Production Validation Testing" name="Field upgrade capability validation" status="cleanup_error" time="0"><error type="UnknownError" message="">
<![CDATA[Traceback:
]]>
</error><system-out>
<![CDATA[
@scenario.begin

  @pending @production @validation @field-upgrade
  Scenario: Field upgrade capability validation
    Given the Multi-Sonicator I/O Controller is in production configuration ... skipped in 0.000s
    And all hardware components are properly installed ... skipped in 0.000s
    And the system has passed initial factory tests ... skipped in 0.000s
    Given the system is deployed in the field ... skipped in 0.000s
    When a firmware update becomes available ... skipped in 0.000s
    Then the system should support ISP programming ... skipped in 0.000s
    And the update process should be documented ... skipped in 0.000s
    And rollback procedures should be available ... skipped in 0.000s
    And configuration should be preserved during updates ... skipped in 0.000s
    And the system should validate firmware integrity ... skipped in 0.000s

@scenario.end
--------------------------------------------------------------------------------
]]>
</system-out></testcase><testcase classname="features.production_validation.Production Validation Testing" name="Remote monitoring and diagnostics" status="cleanup_error" time="0"><error type="UnknownError" message="">
<![CDATA[Traceback:
]]>
</error><system-out>
<![CDATA[
@scenario.begin

  @pending @production @validation @remote-monitoring
  Scenario: Remote monitoring and diagnostics
    Given the Multi-Sonicator I/O Controller is in production configuration ... skipped in 0.000s
    And all hardware components are properly installed ... skipped in 0.000s
    And the system has passed initial factory tests ... skipped in 0.000s
    Given the system supports remote monitoring ... skipped in 0.000s
    When I connect to the system remotely ... skipped in 0.000s
    Then I should be able to read all system parameters ... skipped in 0.000s
    And I should be able to view system status and alarms ... skipped in 0.000s
    And I should be able to download diagnostic logs ... skipped in 0.000s
    And I should be able to perform basic troubleshooting ... skipped in 0.000s
    And all remote access should be secure and authenticated ... skipped in 0.000s

@scenario.end
--------------------------------------------------------------------------------
]]>
</system-out></testcase><testcase classname="features.production_validation.Production Validation Testing" name="Predictive maintenance capabilities" status="cleanup_error" time="0"><error type="UnknownError" message="">
<![CDATA[Traceback:
]]>
</error><system-out>
<![CDATA[
@scenario.begin

  @pending @production @validation @predictive-maintenance
  Scenario: Predictive maintenance capabilities
    Given the Multi-Sonicator I/O Controller is in production configuration ... skipped in 0.000s
    And all hardware components are properly installed ... skipped in 0.000s
    And the system has passed initial factory tests ... skipped in 0.000s
    Given the system has been operating for extended periods ... skipped in 0.000s
    When I analyze historical performance data ... skipped in 0.000s
    Then the system should identify wear patterns ... skipped in 0.000s
    And predict component replacement schedules ... skipped in 0.000s
    And recommend maintenance actions ... skipped in 0.000s
    And provide early warning of potential failures ... skipped in 0.000s
    And optimize maintenance intervals based on usage patterns ... skipped in 0.000s

@scenario.end
--------------------------------------------------------------------------------
]]>
</system-out></testcase></testsuite>