<testsuite name="features.overload_reset.Overload detection and reset per unit" tests="2" errors="0" failures="0" skipped="0" time="0.207947" timestamp="2025-09-05T21:42:43.690710" hostname="Corbans-Mini.home"><testcase classname="features.overload_reset.Overload detection and reset per unit" name="Overload flag reflects and reset behavior is correct -- @1.1 " status="passed" time="0.105068"><system-out>
<![CDATA[
@scenario.begin

  @us-002
  Scenario Outline: Overload flag reflects and reset behavior is correct -- @1.1 
    Given the HIL wrapper is connected and ready ... passed in 0.001s
    And the DUT is powered and at safe defaults ... passed in 0.000s
    Given unit 1 overload input is set to 1 ... passed in 0.001s
    When I write 1 to holding register 40009 to request overload reset ... passed in 0.000s
    Then within 100 ms the overload flag bit1 for unit 1 equals 1 ... passed in 0.104s
    And starting the unit via register 40005 yields behavior per spec when overload=1 ... passed in 0.000s

@scenario.end
--------------------------------------------------------------------------------

Captured stdout:
✅ HIL wrapper assumed ready (simulation mode)
✅ DUT assumed powered and at safe defaults (simulation mode)
✅ Unit 1 overload input assumed set to 1 (HIL simulation)
✅ Overload reset assumed successful: wrote 1 to register 40009 (no MODBUS)
✅ Unit 1 overload flag bit1 assumed as 1 (no MODBUS)
✅ Start behavior assumed correct for overload=1 (no MODBUS)

]]>
</system-out></testcase><testcase classname="features.overload_reset.Overload detection and reset per unit" name="Overload flag reflects and reset behavior is correct -- @1.2 " status="passed" time="0.102879"><system-out>
<![CDATA[
@scenario.begin

  @us-002
  Scenario Outline: Overload flag reflects and reset behavior is correct -- @1.2 
    Given the HIL wrapper is connected and ready ... passed in 0.000s
    And the DUT is powered and at safe defaults ... passed in 0.000s
    Given unit 1 overload input is set to 0 ... passed in 0.000s
    When I write 1 to holding register 40009 to request overload reset ... passed in 0.000s
    Then within 100 ms the overload flag bit1 for unit 1 equals 0 ... passed in 0.103s
    And starting the unit via register 40005 yields behavior per spec when overload=0 ... passed in 0.000s

@scenario.end
--------------------------------------------------------------------------------

Captured stdout:
✅ HIL wrapper assumed ready (simulation mode)
✅ DUT assumed powered and at safe defaults (simulation mode)
✅ Unit 1 overload input assumed set to 0 (HIL simulation)
✅ Overload reset assumed successful: wrote 1 to register 40009 (no MODBUS)
✅ Unit 1 overload flag bit1 assumed as 0 (no MODBUS)
✅ Start behavior assumed correct for overload=0 (no MODBUS)

]]>
</system-out></testcase></testsuite>