<testsuite name="features.hal.HAL Acceptance" tests="2" errors="2" failures="0" skipped="0" time="1.001019" timestamp="2025-09-16T18:32:33.727198" hostname="Corbans-Mini.home"><testcase classname="features.hal.HAL Acceptance" name="HAL basic acceptance" status="cleanup_error" time="1.001019"><error type="UnknownError" message="">
<![CDATA[Traceback:
]]>
</error><system-out>
<![CDATA[
@scenario.begin

  @hal @implemented
  Scenario: HAL basic acceptance
    Given the hardware is initialized ... failed in 1.001s
    When the HAL feature is exercised ... skipped in 0.000s
    Then the expected result is observed ... skipped in 0.000s

@scenario.end
--------------------------------------------------------------------------------
]]>
</system-out></testcase><testcase classname="features.hal.HAL Acceptance" name="HAL advanced acceptance (pending implementation)" status="cleanup_error" time="0"><error type="UnknownError" message="">
<![CDATA[Traceback:
]]>
</error><system-out>
<![CDATA[
@scenario.begin

  @pending
  Scenario: HAL advanced acceptance (pending implementation)
    Given the hardware is initialized ... skipped in 0.000s
    When the advanced HAL feature is exercised ... skipped in 0.000s
    Then the expected advanced result is observed ... skipped in 0.000s

@scenario.end
--------------------------------------------------------------------------------
]]>
</system-out></testcase></testsuite>