<testsuite name="features.modbus.MODBUS protocol behaviors" tests="4" errors="4" failures="0" skipped="0" time="0.000425" timestamp="2025-09-16T18:32:58.198343" hostname="Corbans-Mini.home"><testcase classname="features.modbus.MODBUS protocol behaviors" name="SC-020 FC16 multiple write boundary cases" status="cleanup_error" time="0.000141"><error type="UnknownError" message="">
<![CDATA[Traceback:
]]>
</error><system-out>
<![CDATA[
@scenario.begin

  @req-fc16 @hil
  Scenario: SC-020 FC16 multiple write boundary cases
    Given the system is initialized ... passed in 0.000s
    When I write holding register 40001 with value 50 ... skipped in 0.000s
    Then holding register 40001 should equal 50 within 100 ms ... skipped in 0.000s

@scenario.end
--------------------------------------------------------------------------------

Captured stdout:
🔧 HIL scenario setup: SC-020 FC16 multiple write boundary cases


]]>
</system-out><system-err>
<![CDATA[
Captured stderr:

SKIP Scenario SC-020 FC16 multiple write boundary cases: pending: pymodbus not available

]]>
</system-err></testcase><testcase classname="features.modbus.MODBUS protocol behaviors" name="SC-021 Illegal address handling" status="cleanup_error" time="9.9e-05"><error type="UnknownError" message="">
<![CDATA[Traceback:
]]>
</error><system-out>
<![CDATA[
@scenario.begin

  @req-illegal-address @hil
  Scenario: SC-021 Illegal address handling
    Given the system is initialized ... passed in 0.000s
    When I write holding register 49999 with value 1 ... skipped in 0.000s
    Then holding register 49999 should equal 0 within 100 ms ... skipped in 0.000s

@scenario.end
--------------------------------------------------------------------------------

Captured stdout:
🔧 HIL scenario setup: SC-021 Illegal address handling


]]>
</system-out><system-err>
<![CDATA[
Captured stderr:

SKIP Scenario SC-021 Illegal address handling: pending: pymodbus not available

]]>
</system-err></testcase><testcase classname="features.modbus.MODBUS protocol behaviors" name="SC-022 Slave ID configuration" status="cleanup_error" time="9.4e-05"><error type="UnknownError" message="">
<![CDATA[Traceback:
]]>
</error><system-out>
<![CDATA[
@scenario.begin

  @req-slave-id @hil
  Scenario: SC-022 Slave ID configuration
    Given the system is initialized ... passed in 0.000s
    When I write holding register 40002 with value 2 ... skipped in 0.000s
    Then holding register 40002 should equal 2 within 100 ms ... skipped in 0.000s

@scenario.end
--------------------------------------------------------------------------------

Captured stdout:
🔧 HIL scenario setup: SC-022 Slave ID configuration


]]>
</system-out><system-err>
<![CDATA[
Captured stderr:

SKIP Scenario SC-022 Slave ID configuration: pending: pymodbus not available

]]>
</system-err></testcase><testcase classname="features.modbus.MODBUS protocol behaviors" name="SC-023 CRC error handling" status="cleanup_error" time="9.1e-05"><error type="UnknownError" message="">
<![CDATA[Traceback:
]]>
</error><system-out>
<![CDATA[
@scenario.begin

  @req-crc @hil
  Scenario: SC-023 CRC error handling
    Given the system is initialized ... passed in 0.000s
    Then corrupted frames are rejected ... skipped in 0.000s

@scenario.end
--------------------------------------------------------------------------------

Captured stdout:
🔧 HIL scenario setup: SC-023 CRC error handling


]]>
</system-out><system-err>
<![CDATA[
Captured stderr:

SKIP Scenario SC-023 CRC error handling: pending: CRC error handling step not implemented

]]>
</system-err></testcase></testsuite>