<testsuite name="features.hmi_integration.HMI/PLC integration" tests="2" errors="0" failures="0" skipped="2" time="0.0" timestamp="2025-09-04T11:41:19.487201" hostname="Corbans-Mini.home"><testcase classname="features.hmi_integration.HMI/PLC integration" name="SC-010 HMI contract adherence (4xxxx convention)" status="skipped" time="0"><skipped /><system-out>
<![CDATA[
@scenario.begin

  @pending @req-hmi @simulavr @hil
  Scenario: SC-010 HMI contract adherence (4xxxx convention)
    Given the system is initialized ... skipped in 0.000s
    When I write holding register 40001 with value 80 ... skipped in 0.000s
    Then holding register 40001 should equal 80 within 100 ms ... skipped in 0.000s

@scenario.end
--------------------------------------------------------------------------------
]]>
</system-out></testcase><testcase classname="features.hmi_integration.HMI/PLC integration" name="SC-024 HMI addressing examples" status="skipped" time="0"><skipped /><system-out>
<![CDATA[
@scenario.begin

  @pending @req-hmi-addressing @simulavr @hil
  Scenario: SC-024 HMI addressing examples
    Given the system is initialized ... skipped in 0.000s
    When I write holding register 40005 with value 1 ... skipped in 0.000s
    Then holding register 40021 should equal 1 within 100 ms ... skipped in 0.000s

@scenario.end
--------------------------------------------------------------------------------
]]>
</system-out></testcase></testsuite>