<testsuite name="features.safety.Safety" tests="3" errors="0" failures="0" skipped="3" time="0.0" timestamp="2025-09-24T14:26:42.855346" hostname="Corbans-Mini.home"><testcase classname="features.safety.Safety" name="SC-012 Watchdog policy is documented" status="untested" time="0"><skipped /><system-out>
<![CDATA[
@scenario.begin

  @req-watchdog-docs @requirement_FR11
  Scenario: SC-012 Watchdog policy is documented
    Given the system is initialized ... untested in 0.000s
    Then the watchdog policy documentation is present ... untested in 0.000s

@scenario.end
--------------------------------------------------------------------------------
]]>
</system-out></testcase><testcase classname="features.safety.Safety" name="SC-014 Emergency stop register behavior" status="untested" time="0"><skipped /><system-out>
<![CDATA[
@scenario.begin

  @req-estop @hil @requirement_FR11
  Scenario: SC-014 Emergency stop register behavior
    Given the system is initialized ... untested in 0.000s
    When I trigger emergency stop ... untested in 0.000s
    Then holding register 40026 should equal 1 within 50 ms ... untested in 0.000s

@scenario.end
--------------------------------------------------------------------------------
]]>
</system-out></testcase><testcase classname="features.safety.Safety" name="SC-021 Loss of communication triggers safe state" status="untested" time="0"><skipped /><system-out>
<![CDATA[
@scenario.begin

  @requirement_FR11
  Scenario: SC-021 Loss of communication triggers safe state
    Given the system is initialized ... untested in 0.000s
    When communication with the PLC/HMI is lost for more than 1 second ... untested in 0.000s
    Then all sonicators enter a safe non-operational state within 200 ms ... untested in 0.000s

@scenario.end
--------------------------------------------------------------------------------
]]>
</system-out></testcase></testsuite>