<testsuite name="features.communication.Communication Acceptance" tests="1" errors="1" failures="0" skipped="0" time="0.0" timestamp="2025-09-12T00:59:55.243363" hostname="Corbans-Mini.home"><testcase classname="features.communication.Communication Acceptance" name="Communication basic acceptance" status="cleanup_error" time="0"><error type="UnknownError" message="">
<![CDATA[Traceback:
]]>
</error><system-out>
<![CDATA[
@scenario.begin

  @communication @implemented
  Scenario: Communication basic acceptance
    Given the hardware is initialized ... skipped in 0.000s
    When the communication feature is exercised ... skipped in 0.000s
    Then the expected result is observed ... skipped in 0.000s

@scenario.end
--------------------------------------------------------------------------------
]]>
</system-out></testcase></testsuite>