<testsuite name="features.production_validation.Production Validation Testing" tests="13" errors="0" failures="0" skipped="13" time="0.0" timestamp="2025-09-24T14:26:42.850910" hostname="Corbans-Mini.home"><testcase classname="features.production_validation.Production Validation Testing" name="Factory acceptance test sequence" status="untested" time="0"><skipped /><system-out>
<![CDATA[
@scenario.begin

  @production @validation @critical
  Scenario: Factory acceptance test sequence
    Given the Multi-Sonicator I/O Controller is in production configuration ... untested in 0.000s
    And all hardware components are properly installed ... untested in 0.000s
    And the system has passed initial factory tests ... untested in 0.000s
    Given the system is in factory test mode ... untested in 0.000s
    When I execute the complete factory test sequence ... untested in 0.000s
    Then all hardware interfaces should pass connectivity tests ... untested in 0.000s
    And all sonicator control circuits should pass functional tests ... untested in 0.000s
    And MODBUS communication should pass protocol compliance tests ... untested in 0.000s
    And power supply regulation should pass load tests ... untested in 0.000s
    And all safety systems should pass verification tests ... untested in 0.000s
    And the system should generate a passing factory test report ... untested in 0.000s

@scenario.end
--------------------------------------------------------------------------------
]]>
</system-out></testcase><testcase classname="features.production_validation.Production Validation Testing" name="Environmental stress testing" status="untested" time="0"><skipped /><system-out>
<![CDATA[
@scenario.begin

  @production @validation @environmental
  Scenario: Environmental stress testing
    Given the Multi-Sonicator I/O Controller is in production configuration ... untested in 0.000s
    And all hardware components are properly installed ... untested in 0.000s
    And the system has passed initial factory tests ... untested in 0.000s
    Given the system is configured for environmental testing ... untested in 0.000s
    When I subject the system to temperature cycling from -10°C to +60°C ... untested in 0.000s
    And I subject the system to humidity variations from 10% to 90% RH ... untested in 0.000s
    And I subject the system to vibration testing per industrial standards ... untested in 0.000s
    Then the system should maintain full functionality throughout ... untested in 0.000s
    And no performance degradation should occur ... untested in 0.000s
    And all connections should remain secure ... untested in 0.000s
    And the enclosure should maintain its integrity ... untested in 0.000s

@scenario.end
--------------------------------------------------------------------------------
]]>
</system-out></testcase><testcase classname="features.production_validation.Production Validation Testing" name="Electrical safety and compliance validation" status="untested" time="0"><skipped /><system-out>
<![CDATA[
@scenario.begin

  @production @validation @electrical
  Scenario: Electrical safety and compliance validation
    Given the Multi-Sonicator I/O Controller is in production configuration ... untested in 0.000s
    And all hardware components are properly installed ... untested in 0.000s
    And the system has passed initial factory tests ... untested in 0.000s
    Given the system is configured for electrical testing ... untested in 0.000s
    When I perform insulation resistance testing ... untested in 0.000s
    And I perform ground continuity testing ... untested in 0.000s
    And I perform surge immunity testing ... untested in 0.000s
    And I perform EMC/EMI compliance testing ... untested in 0.000s
    Then all tests should pass industrial safety standards ... untested in 0.000s
    And the system should meet CE marking requirements ... untested in 0.000s
    And no electrical hazards should be present ... untested in 0.000s
    And EMC emissions should be within acceptable limits ... untested in 0.000s

@scenario.end
--------------------------------------------------------------------------------
]]>
</system-out></testcase><testcase classname="features.production_validation.Production Validation Testing" name="Long-term reliability testing" status="untested" time="0"><skipped /><system-out>
<![CDATA[
@scenario.begin

  @production @validation @reliability
  Scenario: Long-term reliability testing
    Given the Multi-Sonicator I/O Controller is in production configuration ... untested in 0.000s
    And all hardware components are properly installed ... untested in 0.000s
    And the system has passed initial factory tests ... untested in 0.000s
    Given the system is configured for reliability testing ... untested in 0.000s
    When I run the system continuously for 168 hours (1 week) ... untested in 0.000s
    And all sonicators cycle through various operating conditions ... untested in 0.000s
    And I monitor all system parameters continuously ... untested in 0.000s
    Then no failures or degradation should occur ... untested in 0.000s
    And all telemetry should remain accurate ... untested in 0.000s
    And no memory leaks or resource exhaustion should occur ... untested in 0.000s
    And the system should maintain stable operation ... untested in 0.000s

@scenario.end
--------------------------------------------------------------------------------
]]>
</system-out></testcase><testcase classname="features.production_validation.Production Validation Testing" name="Performance specification validation" status="untested" time="0"><skipped /><system-out>
<![CDATA[
@scenario.begin

  @production @validation @performance
  Scenario: Performance specification validation
    Given the Multi-Sonicator I/O Controller is in production configuration ... untested in 0.000s
    And all hardware components are properly installed ... untested in 0.000s
    And the system has passed initial factory tests ... untested in 0.000s
    Given the system is configured for performance testing ... untested in 0.000s
    When I measure command response times under various loads ... untested in 0.000s
    Then start/stop commands should complete within 200ms ... untested in 0.000s
    And amplitude changes should be reflected within 100ms ... untested in 0.000s
    And MODBUS register updates should occur within 100ms ... untested in 0.000s
    And telemetry updates should occur at minimum 10Hz ... untested in 0.000s
    And power measurement accuracy should be within ±2% ... untested in 0.000s
    And frequency measurement accuracy should be within ±1% ... untested in 0.000s

@scenario.end
--------------------------------------------------------------------------------
]]>
</system-out></testcase><testcase classname="features.production_validation.Production Validation Testing" name="Safety system validation" status="untested" time="0"><skipped /><system-out>
<![CDATA[
@scenario.begin

  @production @validation @safety
  Scenario: Safety system validation
    Given the Multi-Sonicator I/O Controller is in production configuration ... untested in 0.000s
    And all hardware components are properly installed ... untested in 0.000s
    And the system has passed initial factory tests ... untested in 0.000s
    Given the system is configured for safety testing ... untested in 0.000s
    When I test the emergency stop functionality ... untested in 0.000s
    Then all sonicators should stop within 50ms ... untested in 0.000s
    When I test overload protection for each sonicator ... untested in 0.000s
    Then overload conditions should be detected within 100ms ... untested in 0.000s
    When I test watchdog timer functionality ... untested in 0.000s
    Then system resets should occur within specified timeouts ... untested in 0.000s
    When I test communication fault detection ... untested in 0.000s
    Then faults should be detected and handled appropriately ... untested in 0.000s

@scenario.end
--------------------------------------------------------------------------------
]]>
</system-out></testcase><testcase classname="features.production_validation.Production Validation Testing" name="MODBUS protocol compliance validation" status="untested" time="0"><skipped /><system-out>
<![CDATA[
@scenario.begin

  @production @validation @modbus
  Scenario: MODBUS protocol compliance validation
    Given the Multi-Sonicator I/O Controller is in production configuration ... untested in 0.000s
    And all hardware components are properly installed ... untested in 0.000s
    And the system has passed initial factory tests ... untested in 0.000s
    Given the system is configured for MODBUS testing ... untested in 0.000s
    When I test all supported MODBUS function codes ... untested in 0.000s
    Then function code 03 (Read Holding Registers) should work correctly ... untested in 0.000s
    And function code 06 (Write Single Register) should work correctly ... untested in 0.000s
    And function code 16 (Write Multiple Registers) should work correctly ... untested in 0.000s
    When I test error handling and exception responses ... untested in 0.000s
    Then illegal address exceptions should be handled correctly ... untested in 0.000s
    And illegal data value exceptions should be handled correctly ... untested in 0.000s
    And CRC errors should be detected and rejected ... untested in 0.000s

@scenario.end
--------------------------------------------------------------------------------
]]>
</system-out></testcase><testcase classname="features.production_validation.Production Validation Testing" name="PLC integration validation" status="untested" time="0"><skipped /><system-out>
<![CDATA[
@scenario.begin

  @production @validation @interoperability
  Scenario: PLC integration validation
    Given the Multi-Sonicator I/O Controller is in production configuration ... untested in 0.000s
    And all hardware components are properly installed ... untested in 0.000s
    And the system has passed initial factory tests ... untested in 0.000s
    Given the system is connected to a Velocio 1630c PLC ... untested in 0.000s
    When I configure the PLC for multi-sonicator operation ... untested in 0.000s
    Then the PLC should successfully communicate with the controller ... untested in 0.000s
    And all register mappings should work correctly ... untested in 0.000s
    And HMI integration should function properly ... untested in 0.000s
    And alarm handling should work as specified ... untested in 0.000s
    And data logging should capture all required parameters ... untested in 0.000s

@scenario.end
--------------------------------------------------------------------------------
]]>
</system-out></testcase><testcase classname="features.production_validation.Production Validation Testing" name="Manufacturing test automation" status="untested" time="0"><skipped /><system-out>
<![CDATA[
@scenario.begin

  @production @validation @manufacturing
  Scenario: Manufacturing test automation
    Given the Multi-Sonicator I/O Controller is in production configuration ... untested in 0.000s
    And all hardware components are properly installed ... untested in 0.000s
    And the system has passed initial factory tests ... untested in 0.000s
    Given the system is on the manufacturing test fixture ... untested in 0.000s
    When I execute the automated manufacturing test sequence ... untested in 0.000s
    Then all PCB traces should pass continuity testing ... untested in 0.000s
    And all component values should be within tolerance ... untested in 0.000s
    And all solder joints should pass inspection ... untested in 0.000s
    And firmware programming should complete successfully ... untested in 0.000s
    And calibration should be performed and verified ... untested in 0.000s
    And the system should receive a unique serial number ... untested in 0.000s

@scenario.end
--------------------------------------------------------------------------------
]]>
</system-out></testcase><testcase classname="features.production_validation.Production Validation Testing" name="Documentation and traceability validation" status="untested" time="0"><skipped /><system-out>
<![CDATA[
@scenario.begin

  @production @validation @documentation
  Scenario: Documentation and traceability validation
    Given the Multi-Sonicator I/O Controller is in production configuration ... untested in 0.000s
    And all hardware components are properly installed ... untested in 0.000s
    And the system has passed initial factory tests ... untested in 0.000s
    Given the system is ready for shipment ... untested in 0.000s
    When I verify all required documentation ... untested in 0.000s
    Then the user manual should be complete and accurate ... untested in 0.000s
    And installation instructions should be clear and correct ... untested in 0.000s
    And maintenance procedures should be documented ... untested in 0.000s
    And troubleshooting guides should be comprehensive ... untested in 0.000s
    And all certifications should be included ... untested in 0.000s
    And traceability records should be complete ... untested in 0.000s

@scenario.end
--------------------------------------------------------------------------------
]]>
</system-out></testcase><testcase classname="features.production_validation.Production Validation Testing" name="Field upgrade capability validation" status="untested" time="0"><skipped /><system-out>
<![CDATA[
@scenario.begin

  @pending @production @validation @field-upgrade
  Scenario: Field upgrade capability validation
    Given the Multi-Sonicator I/O Controller is in production configuration ... untested in 0.000s
    And all hardware components are properly installed ... untested in 0.000s
    And the system has passed initial factory tests ... untested in 0.000s
    Given the system is deployed in the field ... untested in 0.000s
    When a firmware update becomes available ... untested in 0.000s
    Then the system should support ISP programming ... untested in 0.000s
    And the update process should be documented ... untested in 0.000s
    And rollback procedures should be available ... untested in 0.000s
    And configuration should be preserved during updates ... untested in 0.000s
    And the system should validate firmware integrity ... untested in 0.000s

@scenario.end
--------------------------------------------------------------------------------
]]>
</system-out></testcase><testcase classname="features.production_validation.Production Validation Testing" name="Remote monitoring and diagnostics" status="untested" time="0"><skipped /><system-out>
<![CDATA[
@scenario.begin

  @pending @production @validation @remote-monitoring
  Scenario: Remote monitoring and diagnostics
    Given the Multi-Sonicator I/O Controller is in production configuration ... untested in 0.000s
    And all hardware components are properly installed ... untested in 0.000s
    And the system has passed initial factory tests ... untested in 0.000s
    Given the system supports remote monitoring ... untested in 0.000s
    When I connect to the system remotely ... untested in 0.000s
    Then I should be able to read all system parameters ... untested in 0.000s
    And I should be able to view system status and alarms ... untested in 0.000s
    And I should be able to download diagnostic logs ... untested in 0.000s
    And I should be able to perform basic troubleshooting ... untested in 0.000s
    And all remote access should be secure and authenticated ... untested in 0.000s

@scenario.end
--------------------------------------------------------------------------------
]]>
</system-out></testcase><testcase classname="features.production_validation.Production Validation Testing" name="Predictive maintenance capabilities" status="untested" time="0"><skipped /><system-out>
<![CDATA[
@scenario.begin

  @pending @production @validation @predictive-maintenance
  Scenario: Predictive maintenance capabilities
    Given the Multi-Sonicator I/O Controller is in production configuration ... untested in 0.000s
    And all hardware components are properly installed ... untested in 0.000s
    And the system has passed initial factory tests ... untested in 0.000s
    Given the system has been operating for extended periods ... untested in 0.000s
    When I analyze historical performance data ... untested in 0.000s
    Then the system should identify wear patterns ... untested in 0.000s
    And predict component replacement schedules ... untested in 0.000s
    And recommend maintenance actions ... untested in 0.000s
    And provide early warning of potential failures ... untested in 0.000s
    And optimize maintenance intervals based on usage patterns ... untested in 0.000s

@scenario.end
--------------------------------------------------------------------------------
]]>
</system-out></testcase></testsuite>