<testsuite name="features.safety.Safety" tests="2" errors="0" failures="0" skipped="2" time="0.0" timestamp="2025-09-12T01:57:26.183651" hostname="Corbans-Mini.home"><testcase classname="features.safety.Safety" name="SC-012 Watchdog policy is documented" status="untested" time="0"><skipped /><system-out>
<![CDATA[
@scenario.begin

  @pending @req-watchdog-docs
  Scenario: SC-012 Watchdog policy is documented
    Given the system is initialized ... untested in 0.000s
    Then the watchdog policy documentation is present ... untested in 0.000s

@scenario.end
--------------------------------------------------------------------------------
]]>
</system-out></testcase><testcase classname="features.safety.Safety" name="SC-014 Emergency stop register behavior" status="untested" time="0"><skipped /><system-out>
<![CDATA[
@scenario.begin

  @req-estop @hil
  Scenario: SC-014 Emergency stop register behavior
    Given the system is initialized ... untested in 0.000s
    When I trigger emergency stop ... untested in 0.000s
    Then holding register 40026 should equal 1 within 50 ms ... untested in 0.000s

@scenario.end
--------------------------------------------------------------------------------
]]>
</system-out></testcase></testsuite>