<testsuite name="features.safety.Safety" tests="2" errors="1" failures="0" skipped="1" time="7.2e-05" timestamp="2025-09-05T20:57:34.986090" hostname="Corbans-Mini.home"><testcase classname="features.safety.Safety" name="SC-012 Watchdog policy is documented" status="skipped" time="0"><skipped /><system-out>
<![CDATA[
@scenario.begin

  @pending @req-watchdog-docs
  Scenario: SC-012 Watchdog policy is documented
    Given the system is initialized ... skipped in 0.000s
    Then the watchdog policy documentation is present ... skipped in 0.000s

@scenario.end
--------------------------------------------------------------------------------
]]>
</system-out></testcase><testcase classname="features.safety.Safety" name="SC-014 Emergency stop register behavior" status="failed" time="7.2e-05"><error type="AttributeError" message="'dict' object has no attribute 'userdata'">
<![CDATA[
Failing step: Given the system is initialized ... failed in 0.000s
Location: test/acceptance/features/safety.feature:12
Traceback (most recent call last):
  File "/Users/Stephen/Library/Python/3.9/lib/python/site-packages/behave/model.py", line 1329, in run
    match.run(runner.context)
  File "/Users/Stephen/Library/Python/3.9/lib/python/site-packages/behave/matchers.py", line 98, in run
    self.func(context, *args, **kwargs)
  File "test/acceptance/steps/common_steps.py", line 113, in step_system_initialized
    if _profile(context) == "hil":
  File "test/acceptance/steps/common_steps.py", line 24, in _profile
    return getattr(context.config.userdata, "get", lambda k, d=None: d)("profile", None) or getattr(context, "profile", "hil")
AttributeError: 'dict' object has no attribute 'userdata'
]]>
</error><system-out>
<![CDATA[
@scenario.begin

  @req-estop @hil
  Scenario: SC-014 Emergency stop register behavior
    Given the system is initialized ... failed in 0.000s
    When I trigger emergency stop ... skipped in 0.000s
    Then holding register 40026 should equal 1 within 50 ms ... skipped in 0.000s

@scenario.end
--------------------------------------------------------------------------------
]]>
</system-out></testcase></testsuite>