<testsuite name="features.sonicator.Sonicator Acceptance" tests="2" errors="2" failures="0" skipped="0" time="1.001625" timestamp="2025-09-16T18:33:05.346697" hostname="Corbans-Mini.home"><testcase classname="features.sonicator.Sonicator Acceptance" name="Sonicator basic acceptance" status="cleanup_error" time="1.001625"><error type="UnknownError" message="">
<![CDATA[Traceback:
]]>
</error><system-out>
<![CDATA[
@scenario.begin

  @sonicator @implemented
  Scenario: Sonicator basic acceptance
    Given the hardware is initialized ... failed in 1.002s
    When the sonicator feature is exercised ... skipped in 0.000s
    Then the expected result is observed ... skipped in 0.000s

@scenario.end
--------------------------------------------------------------------------------
]]>
</system-out></testcase><testcase classname="features.sonicator.Sonicator Acceptance" name="Sonicator advanced acceptance (pending implementation)" status="cleanup_error" time="0"><error type="UnknownError" message="">
<![CDATA[Traceback:
]]>
</error><system-out>
<![CDATA[
@scenario.begin

  @pending
  Scenario: Sonicator advanced acceptance (pending implementation)
    Given the hardware is initialized ... skipped in 0.000s
    When the advanced sonicator feature is exercised ... skipped in 0.000s
    Then the expected advanced result is observed ... skipped in 0.000s

@scenario.end
--------------------------------------------------------------------------------
]]>
</system-out></testcase></testsuite>