<testsuite name="features.executive_reporting.Executive reporting" tests="1" errors="1" failures="0" skipped="0" time="0.0" timestamp="2025-09-16T18:32:30.713647" hostname="Corbans-Mini.home"><testcase classname="features.executive_reporting.Executive reporting" name="SC-011 Executive report artifact" status="cleanup_error" time="0"><error type="UnknownError" message="">
<![CDATA[Traceback:
]]>
</error><system-out>
<![CDATA[
@scenario.begin

  @pending @req-exec-report @hil
  Scenario: SC-011 Executive report artifact
    Given the system is initialized ... skipped in 0.000s
    Then the CI pipeline generates a valid executive report ... skipped in 0.000s

@scenario.end
--------------------------------------------------------------------------------
]]>
</system-out></testcase></testsuite>