<testsuite name="features.smoke.Smoke" tests="1" errors="0" failures="0" skipped="0" time="0.000106" timestamp="2025-09-04T11:54:03.458151" hostname="Corbans-Mini.home"><testcase classname="features.smoke.Smoke" name="SMK-001 Harness runs a passing step" status="passed" time="0.000106"><system-out>
<![CDATA[
@scenario.begin
  Scenario: SMK-001 Harness runs a passing step
    Given the emulation profile is simulavr ... passed in 0.000s
    Then the harness sanity check passes ... passed in 0.000s
    And the serial device is available for the harness ... passed in 0.000s

@scenario.end
--------------------------------------------------------------------------------

Captured stdout:
[serial-smoke] NOTE: /tmp/tty-msio not present yet. Skipping open test.

]]>
</system-out></testcase></testsuite>