<testsuite name="features.smoke.Smoke" tests="1" errors="0" failures="1" skipped="0" time="0.00015" timestamp="2025-09-03T17:08:34.153682" hostname="Corbans-Mini.home"><testcase classname="features.smoke.Smoke" name="SMK-001 Harness runs a passing step" status="failed" time="0.00015"><failure type="AssertionError" message="serial port not available on context; ensure HIL setup initialized or emulator runner created PTY">
<![CDATA[
Failing step: And the serial device is available for the harness ... failed in 0.000s
Location: test/acceptance/features/smoke.feature:8
Assertion Failed: serial port not available on context; ensure HIL setup initialized or emulator runner created PTY]]>
</failure><system-out>
<![CDATA[
@scenario.begin
  Scenario: SMK-001 Harness runs a passing step
    Given the emulation profile is simulavr ... passed in 0.000s
    Then the harness sanity check passes ... passed in 0.000s
    And the serial device is available for the harness ... failed in 0.000s

@scenario.end
--------------------------------------------------------------------------------
]]>
</system-out></testcase></testsuite>