<testsuite name="features.start_stop.Start and stop a single sonicator" tests="4" errors="0" failures="0" skipped="4" time="8.113572" timestamp="2025-09-05T21:13:13.360385" hostname="Corbans-Mini.home"><testcase classname="features.start_stop.Start and stop a single sonicator" name="Start/Stop reflects in status and system count/mask within 100 ms -- @1.1 " status="skipped" time="2.008599"><skipped /><system-out>
<![CDATA[
@scenario.begin

  @smoke @us-001
  Scenario Outline: Start/Stop reflects in status and system count/mask within 100 ms -- @1.1 
    Given the HIL wrapper is connected and ready ... passed in 0.001s
    And the DUT is powered and at safe defaults ... passed in 0.000s
    When I write 1 to holding register 40005 ... skipped in 2.007s
    Then within 100 ms the status flag bit0 for unit 1 equals 1 ... skipped in 0.000s
    And Active Sonicator Count and Mask reflect the running units ... skipped in 0.000s

@scenario.end
--------------------------------------------------------------------------------

Captured stdout:
✅ HIL wrapper assumed ready (simulation mode)
✅ DUT assumed powered and at safe defaults (simulation mode)

]]>
</system-out></testcase><testcase classname="features.start_stop.Start and stop a single sonicator" name="Start/Stop reflects in status and system count/mask within 100 ms -- @1.2 " status="skipped" time="2.048971"><skipped /><system-out>
<![CDATA[
@scenario.begin

  @smoke @us-001
  Scenario Outline: Start/Stop reflects in status and system count/mask within 100 ms -- @1.2 
    Given the HIL wrapper is connected and ready ... passed in 0.000s
    And the DUT is powered and at safe defaults ... passed in 0.000s
    When I write 0 to holding register 40005 ... skipped in 2.049s
    Then within 100 ms the status flag bit0 for unit 1 equals 0 ... skipped in 0.000s
    And Active Sonicator Count and Mask reflect the running units ... skipped in 0.000s

@scenario.end
--------------------------------------------------------------------------------

Captured stdout:
✅ HIL wrapper assumed ready (simulation mode)
✅ DUT assumed powered and at safe defaults (simulation mode)

]]>
</system-out></testcase><testcase classname="features.start_stop.Start and stop a single sonicator" name="Start/Stop reflects in status and system count/mask within 100 ms -- @1.3 " status="skipped" time="2.026381"><skipped /><system-out>
<![CDATA[
@scenario.begin

  @smoke @us-001
  Scenario Outline: Start/Stop reflects in status and system count/mask within 100 ms -- @1.3 
    Given the HIL wrapper is connected and ready ... passed in 0.000s
    And the DUT is powered and at safe defaults ... passed in 0.000s
    When I write 1 to holding register 40006 ... skipped in 2.026s
    Then within 100 ms the status flag bit0 for unit 2 equals 1 ... skipped in 0.000s
    And Active Sonicator Count and Mask reflect the running units ... skipped in 0.000s

@scenario.end
--------------------------------------------------------------------------------

Captured stdout:
✅ HIL wrapper assumed ready (simulation mode)
✅ DUT assumed powered and at safe defaults (simulation mode)

]]>
</system-out></testcase><testcase classname="features.start_stop.Start and stop a single sonicator" name="Start/Stop reflects in status and system count/mask within 100 ms -- @1.4 " status="skipped" time="2.029621"><skipped /><system-out>
<![CDATA[
@scenario.begin

  @smoke @us-001
  Scenario Outline: Start/Stop reflects in status and system count/mask within 100 ms -- @1.4 
    Given the HIL wrapper is connected and ready ... passed in 0.000s
    And the DUT is powered and at safe defaults ... passed in 0.000s
    When I write 0 to holding register 40006 ... skipped in 2.030s
    Then within 100 ms the status flag bit0 for unit 2 equals 0 ... skipped in 0.000s
    And Active Sonicator Count and Mask reflect the running units ... skipped in 0.000s

@scenario.end
--------------------------------------------------------------------------------

Captured stdout:
✅ HIL wrapper assumed ready (simulation mode)
✅ DUT assumed powered and at safe defaults (simulation mode)

]]>
</system-out></testcase></testsuite>