<testsuite name="features.executive_reporting.Executive reporting" tests="1" errors="0" failures="0" skipped="1" time="0.0" timestamp="2025-09-04T11:41:19.472818" hostname="Corbans-Mini.home"><testcase classname="features.executive_reporting.Executive reporting" name="SC-011 Executive report artifact" status="skipped" time="0"><skipped /><system-out>
<![CDATA[
@scenario.begin

  @pending @req-exec-report @simulavr
  Scenario: SC-011 Executive report artifact
    Given the system is initialized ... skipped in 0.000s
    Then the CI pipeline generates a valid executive report ... skipped in 0.000s

@scenario.end
--------------------------------------------------------------------------------
]]>
</system-out></testcase></testsuite>