<testsuite name="features.system.System metrics" tests="5" errors="0" failures="0" skipped="5" time="0.0" timestamp="2025-09-24T14:26:42.860037" hostname="Corbans-Mini.home"><testcase classname="features.system.System metrics" name="SC-007 Active Sonicator Count" status="untested" time="0"><skipped /><system-out>
<![CDATA[
@scenario.begin

  @req-active-count @reg-40035 @hil @requirement_FR9
  Scenario: SC-007 Active Sonicator Count
    Given the system is initialized ... untested in 0.000s
    When I set input running for unit 1 to asserted ... untested in 0.000s
    Then holding register 40035 should equal 1 within 100 ms ... untested in 0.000s

@scenario.end
--------------------------------------------------------------------------------
]]>
</system-out></testcase><testcase classname="features.system.System metrics" name="SC-008 Active Sonicator Mask" status="untested" time="0"><skipped /><system-out>
<![CDATA[
@scenario.begin

  @req-active-mask @reg-40036 @hil @requirement_FR9
  Scenario: SC-008 Active Sonicator Mask
    Given the system is initialized ... untested in 0.000s
    When I set input running for unit 1 to asserted ... untested in 0.000s
    Then holding register 40036 should equal 1 within 100 ms ... untested in 0.000s

@scenario.end
--------------------------------------------------------------------------------
]]>
</system-out></testcase><testcase classname="features.system.System metrics" name="SC-013 System status bitfield" status="untested" time="0"><skipped /><system-out>
<![CDATA[
@scenario.begin

  @req-system-status @reg-40025 @hil @pending
  Scenario: SC-013 System status bitfield
    Given the system is initialized ... untested in 0.000s
    When I set input estop for unit 1 to asserted ... untested in 0.000s
    Then holding register 40025 should equal 1 within 50 ms ... untested in 0.000s

@scenario.end
--------------------------------------------------------------------------------
]]>
</system-out></testcase><testcase classname="features.system.System metrics" name="SC-017 Active transitions stability" status="untested" time="0"><skipped /><system-out>
<![CDATA[
@scenario.begin

  @req-active-transitions @reg-40035 @reg-40036 @hil @requirement_FR9
  Scenario: SC-017 Active transitions stability
    Given the system is initialized ... untested in 0.000s
    When I set input running for unit 1 to deasserted ... untested in 0.000s
    Then holding register 40035 should equal 0 within 100 ms ... untested in 0.000s

@scenario.end
--------------------------------------------------------------------------------
]]>
</system-out></testcase><testcase classname="features.system.System metrics" name="SC-020 Power-up defaults to off" status="untested" time="0"><skipped /><system-out>
<![CDATA[
@scenario.begin

  @requirement_FR10 @hil
  Scenario: SC-020 Power-up defaults to off
    When the system initializes ... untested in 0.000s
    Then holding register 40035 should equal 0 within 100 ms ... untested in 0.000s
    And holding register 40036 should equal 0 within 100 ms ... untested in 0.000s

@scenario.end
--------------------------------------------------------------------------------
]]>
</system-out></testcase></testsuite>