<testsuite name="features.system.System metrics" tests="4" errors="0" failures="0" skipped="4" time="0.000295" timestamp="2025-09-03T17:08:34.160367" hostname="Corbans-Mini.home"><testcase classname="features.system.System metrics" name="SC-007 Active Sonicator Count" status="skipped" time="0"><skipped /><system-out>
<![CDATA[
@scenario.begin

  @pending @req-active-count @reg-40035 @simulavr @hil
  Scenario: SC-007 Active Sonicator Count
    Given the system is initialized ... skipped in 0.000s
    When I set input running for unit 1 to asserted ... skipped in 0.000s
    Then holding register 40035 should equal 1 within 100 ms ... skipped in 0.000s

@scenario.end
--------------------------------------------------------------------------------
]]>
</system-out></testcase><testcase classname="features.system.System metrics" name="SC-008 Active Sonicator Mask" status="skipped" time="0.000166"><skipped /><system-out>
<![CDATA[
@scenario.begin

  @req-active-mask @reg-40036 @simulavr @hil
  Scenario: SC-008 Active Sonicator Mask
    Given the system is initialized ... skipped in 0.000s
    When I set input running for unit 1 to asserted ... skipped in 0.000s
    Then holding register 40036 should equal 1 within 100 ms ... skipped in 0.000s

@scenario.end
--------------------------------------------------------------------------------
]]>
</system-out></testcase><testcase classname="features.system.System metrics" name="SC-013 System status bitfield" status="skipped" time="7.8e-05"><skipped /><system-out>
<![CDATA[
@scenario.begin

  @req-system-status @reg-40025 @simulavr @hil
  Scenario: SC-013 System status bitfield
    Given the system is initialized ... skipped in 0.000s
    When I set input estop for unit 1 to asserted ... skipped in 0.000s
    Then holding register 40025 should equal 1 within 50 ms ... skipped in 0.000s

@scenario.end
--------------------------------------------------------------------------------
]]>
</system-out></testcase><testcase classname="features.system.System metrics" name="SC-017 Active transitions stability" status="skipped" time="5.1e-05"><skipped /><system-out>
<![CDATA[
@scenario.begin

  @req-active-transitions @reg-40035 @reg-40036 @simulavr @hil
  Scenario: SC-017 Active transitions stability
    Given the system is initialized ... skipped in 0.000s
    When I set input running for unit 1 to deasserted ... skipped in 0.000s
    Then holding register 40035 should equal 0 within 100 ms ... skipped in 0.000s

@scenario.end
--------------------------------------------------------------------------------
]]>
</system-out></testcase></testsuite>