<testsuite name="features.control.Control functions via MODBUS" tests="5" errors="5" failures="0" skipped="0" time="0.0" timestamp="2025-09-12T22:03:07.374714" hostname="Corbans-Mini.home"><testcase classname="features.control.Control functions via MODBUS" name="SC-001 Amplitude control per unit" status="cleanup_error" time="0"><error type="UnknownError" message="">
<![CDATA[Traceback:
]]>
</error><system-out>
<![CDATA[
@scenario.begin

  @pending @pending @req-amplitude @prd-5-functional @prd-10-api @reg-40001-40004 @hil
  Scenario: SC-001 Amplitude control per unit
    Given the system is initialized ... skipped in 0.000s
    When I write holding register 40001 with value 75 ... skipped in 0.000s
    Then holding register 40001 should equal 75 within 100 ms ... skipped in 0.000s

@scenario.end
--------------------------------------------------------------------------------
]]>
</system-out></testcase><testcase classname="features.control.Control functions via MODBUS" name="SC-002 Start/Stop per unit" status="cleanup_error" time="0"><error type="UnknownError" message="">
<![CDATA[Traceback:
]]>
</error><system-out>
<![CDATA[
@scenario.begin

  @pending @req-startstop @prd-5-functional @prd-10-api @reg-40005-40008 @hil
  Scenario: SC-002 Start/Stop per unit
    Given the system is initialized ... skipped in 0.000s
    When I write holding register 40005 with value 1 ... skipped in 0.000s
    Then holding register 40021 should equal 1 within 100 ms ... skipped in 0.000s

@scenario.end
--------------------------------------------------------------------------------
]]>
</system-out></testcase><testcase classname="features.control.Control functions via MODBUS" name="SC-003 Overload Reset pulse semantics" status="cleanup_error" time="0"><error type="UnknownError" message="">
<![CDATA[Traceback:
]]>
</error><system-out>
<![CDATA[
@scenario.begin

  @pending @req-overload-reset @prd-5-functional @prd-10-api @reg-40009-40012 @hil
  Scenario: SC-003 Overload Reset pulse semantics
    Given the system is initialized ... skipped in 0.000s
    When I write holding register 40009 with value 1 ... skipped in 0.000s
    Then holding register 40009 should equal 0 within 100 ms ... skipped in 0.000s

@scenario.end
--------------------------------------------------------------------------------
]]>
</system-out></testcase><testcase classname="features.control.Control functions via MODBUS" name="SC-018 Amplitude clamping -- @1.1 " status="cleanup_error" time="0"><error type="UnknownError" message="">
<![CDATA[Traceback:
]]>
</error><system-out>
<![CDATA[
@scenario.begin

  @pending @req-amplitude-clamp @prd-6-nfr @reg-40001-40004 @hil
  Scenario Outline: SC-018 Amplitude clamping -- @1.1 
    Given the system is initialized ... skipped in 0.000s
    When I write holding register 40001 with value 10 ... skipped in 0.000s
    Then holding register 40001 should equal 20 within 100 ms ... skipped in 0.000s

@scenario.end
--------------------------------------------------------------------------------
]]>
</system-out></testcase><testcase classname="features.control.Control functions via MODBUS" name="SC-018 Amplitude clamping -- @1.2 " status="cleanup_error" time="0"><error type="UnknownError" message="">
<![CDATA[Traceback:
]]>
</error><system-out>
<![CDATA[
@scenario.begin

  @pending @req-amplitude-clamp @prd-6-nfr @reg-40001-40004 @hil
  Scenario Outline: SC-018 Amplitude clamping -- @1.2 
    Given the system is initialized ... skipped in 0.000s
    When I write holding register 40001 with value 105 ... skipped in 0.000s
    Then holding register 40001 should equal 100 within 100 ms ... skipped in 0.000s

@scenario.end
--------------------------------------------------------------------------------
]]>
</system-out></testcase></testsuite>