<testsuite name="features.smoke.Smoke" tests="1" errors="0" failures="0" skipped="0" time="0.00045" timestamp="2025-09-05T20:57:49.228070" hostname="Corbans-Mini.home"><testcase classname="features.smoke.Smoke" name="SMK-001 Harness runs a passing step" status="passed" time="0.00045"><system-out>
<![CDATA[
@scenario.begin
  Scenario: SMK-001 Harness runs a passing step
    Given the HIL test harness is connected ... passed in 0.000s
    Then the harness sanity check passes ... passed in 0.000s
    And the Arduino Test Wrapper is available for testing ... passed in 0.000s

@scenario.end
--------------------------------------------------------------------------------
]]>
</system-out></testcase></testsuite>