<testsuite name="features.regulatory_compliance.Regulatory Compliance and Standards Validation" tests="14" errors="0" failures="0" skipped="14" time="0.0" timestamp="2025-09-12T01:57:26.165420" hostname="Corbans-Mini.home"><testcase classname="features.regulatory_compliance.Regulatory Compliance and Standards Validation" name="FDA 21 CFR Part 11 compliance validation" status="untested" time="0"><skipped /><system-out>
<![CDATA[
@scenario.begin

  @compliance @regulatory @critical
  Scenario: FDA 21 CFR Part 11 compliance validation
    Given the Multi-Sonicator I/O Controller is configured for compliance testing ... untested in 0.000s
    And all required documentation is available ... untested in 0.000s
    And the system is in a controlled test environment ... untested in 0.000s
    Given the system is configured for pharmaceutical manufacturing ... untested in 0.000s
    When I test electronic record keeping capabilities ... untested in 0.000s
    Then all process data should be stored with digital signatures ... untested in 0.000s
    And audit trails should be maintained for all system changes ... untested in 0.000s
    And user access should be controlled with unique identifications ... untested in 0.000s
    And data integrity should be maintained throughout the lifecycle ... untested in 0.000s
    And electronic signatures should be legally binding ... untested in 0.000s
    And the system should prevent unauthorized data modification ... untested in 0.000s

@scenario.end
--------------------------------------------------------------------------------
]]>
</system-out></testcase><testcase classname="features.regulatory_compliance.Regulatory Compliance and Standards Validation" name="ISO 9001 quality management compliance" status="untested" time="0"><skipped /><system-out>
<![CDATA[
@scenario.begin

  @compliance @regulatory @critical
  Scenario: ISO 9001 quality management compliance
    Given the Multi-Sonicator I/O Controller is configured for compliance testing ... untested in 0.000s
    And all required documentation is available ... untested in 0.000s
    And the system is in a controlled test environment ... untested in 0.000s
    Given the system is part of a quality management system ... untested in 0.000s
    When I validate quality control processes ... untested in 0.000s
    Then all process parameters should be documented and controlled ... untested in 0.000s
    And calibration records should be maintained for all instruments ... untested in 0.000s
    And corrective and preventive actions should be tracked ... untested in 0.000s
    And management review processes should be supported ... untested in 0.000s
    And continuous improvement should be facilitated ... untested in 0.000s
    And customer satisfaction should be measurable ... untested in 0.000s

@scenario.end
--------------------------------------------------------------------------------
]]>
</system-out></testcase><testcase classname="features.regulatory_compliance.Regulatory Compliance and Standards Validation" name="IEC 61508 functional safety compliance" status="untested" time="0"><skipped /><system-out>
<![CDATA[
@scenario.begin

  @compliance @regulatory @safety
  Scenario: IEC 61508 functional safety compliance
    Given the Multi-Sonicator I/O Controller is configured for compliance testing ... untested in 0.000s
    And all required documentation is available ... untested in 0.000s
    And the system is in a controlled test environment ... untested in 0.000s
    Given the system includes safety-critical functions ... untested in 0.000s
    When I validate functional safety requirements ... untested in 0.000s
    Then safety integrity levels should be properly classified ... untested in 0.000s
    And systematic failures should be prevented through design ... untested in 0.000s
    And random hardware failures should be controlled ... untested in 0.000s
    And safety lifecycle processes should be followed ... untested in 0.000s
    And verification and validation should be documented ... untested in 0.000s
    And functional safety management should be implemented ... untested in 0.000s

@scenario.end
--------------------------------------------------------------------------------
]]>
</system-out></testcase><testcase classname="features.regulatory_compliance.Regulatory Compliance and Standards Validation" name="IEC 61010 electrical safety compliance" status="untested" time="0"><skipped /><system-out>
<![CDATA[
@scenario.begin

  @compliance @regulatory @electrical
  Scenario: IEC 61010 electrical safety compliance
    Given the Multi-Sonicator I/O Controller is configured for compliance testing ... untested in 0.000s
    And all required documentation is available ... untested in 0.000s
    And the system is in a controlled test environment ... untested in 0.000s
    Given the system is used in laboratory/industrial environments ... untested in 0.000s
    When I test electrical safety requirements ... untested in 0.000s
    Then protection against electric shock should be verified ... untested in 0.000s
    And protection against energy hazards should be confirmed ... untested in 0.000s
    And protection against fire hazards should be validated ... untested in 0.000s
    And protection against mechanical hazards should be tested ... untested in 0.000s
    And protection against chemical hazards should be assessed ... untested in 0.000s
    And environmental requirements should be met ... untested in 0.000s

@scenario.end
--------------------------------------------------------------------------------
]]>
</system-out></testcase><testcase classname="features.regulatory_compliance.Regulatory Compliance and Standards Validation" name="EMC directive compliance (2014/30/EU)" status="untested" time="0"><skipped /><system-out>
<![CDATA[
@scenario.begin

  @compliance @regulatory @emc
  Scenario: EMC directive compliance (2014/30/EU)
    Given the Multi-Sonicator I/O Controller is configured for compliance testing ... untested in 0.000s
    And all required documentation is available ... untested in 0.000s
    And the system is in a controlled test environment ... untested in 0.000s
    Given the system must meet electromagnetic compatibility requirements ... untested in 0.000s
    When I perform EMC testing ... untested in 0.000s
    Then electromagnetic emissions should be within prescribed limits ... untested in 0.000s
    And electromagnetic immunity should meet minimum requirements ... untested in 0.000s
    And the system should not interfere with other equipment ... untested in 0.000s
    And the system should operate correctly in its electromagnetic environment ... untested in 0.000s
    And CE marking requirements should be satisfied ... untested in 0.000s
    And technical documentation should be complete ... untested in 0.000s

@scenario.end
--------------------------------------------------------------------------------
]]>
</system-out></testcase><testcase classname="features.regulatory_compliance.Regulatory Compliance and Standards Validation" name="RoHS directive compliance (2011/65/EU)" status="untested" time="0"><skipped /><system-out>
<![CDATA[
@scenario.begin

  @compliance @regulatory @environmental
  Scenario: RoHS directive compliance (2011/65/EU)
    Given the Multi-Sonicator I/O Controller is configured for compliance testing ... untested in 0.000s
    And all required documentation is available ... untested in 0.000s
    And the system is in a controlled test environment ... untested in 0.000s
    Given the system must comply with hazardous substance restrictions ... untested in 0.000s
    When I validate material composition ... untested in 0.000s
    Then lead content should be below 0.1% by weight ... untested in 0.000s
    And mercury content should be below 0.1% by weight ... untested in 0.000s
    And cadmium content should be below 0.01% by weight ... untested in 0.000s
    And hexavalent chromium should be below 0.1% by weight ... untested in 0.000s
    And PBB/PBDE flame retardants should be below 0.1% by weight ... untested in 0.000s
    And supplier declarations should be documented ... untested in 0.000s

@scenario.end
--------------------------------------------------------------------------------
]]>
</system-out></testcase><testcase classname="features.regulatory_compliance.Regulatory Compliance and Standards Validation" name="GDPR data protection compliance" status="untested" time="0"><skipped /><system-out>
<![CDATA[
@scenario.begin

  @compliance @regulatory @data-protection
  Scenario: GDPR data protection compliance
    Given the Multi-Sonicator I/O Controller is configured for compliance testing ... untested in 0.000s
    And all required documentation is available ... untested in 0.000s
    And the system is in a controlled test environment ... untested in 0.000s
    Given the system processes personal data ... untested in 0.000s
    When I validate data protection measures ... untested in 0.000s
    Then data processing should have a lawful basis ... untested in 0.000s
    And data subjects should have appropriate rights ... untested in 0.000s
    And data should be processed transparently ... untested in 0.000s
    And data minimization principles should be followed ... untested in 0.000s
    And data accuracy should be maintained ... untested in 0.000s
    And storage limitation should be respected ... untested in 0.000s
    And appropriate security measures should be implemented ... untested in 0.000s

@scenario.end
--------------------------------------------------------------------------------
]]>
</system-out></testcase><testcase classname="features.regulatory_compliance.Regulatory Compliance and Standards Validation" name="IEC 62443 industrial cybersecurity compliance" status="untested" time="0"><skipped /><system-out>
<![CDATA[
@scenario.begin

  @compliance @regulatory @cybersecurity
  Scenario: IEC 62443 industrial cybersecurity compliance
    Given the Multi-Sonicator I/O Controller is configured for compliance testing ... untested in 0.000s
    And all required documentation is available ... untested in 0.000s
    And the system is in a controlled test environment ... untested in 0.000s
    Given the system is connected to industrial networks ... untested in 0.000s
    When I validate cybersecurity requirements ... untested in 0.000s
    Then security levels should be properly classified ... untested in 0.000s
    And access control should be implemented appropriately ... untested in 0.000s
    And data integrity should be protected ... untested in 0.000s
    And availability should be maintained ... untested in 0.000s
    And confidentiality should be preserved where required ... untested in 0.000s
    And security monitoring should be in place ... untested in 0.000s

@scenario.end
--------------------------------------------------------------------------------
]]>
</system-out></testcase><testcase classname="features.regulatory_compliance.Regulatory Compliance and Standards Validation" name="ISO/IEC 17025 calibration compliance" status="untested" time="0"><skipped /><system-out>
<![CDATA[
@scenario.begin

  @compliance @regulatory @calibration
  Scenario: ISO/IEC 17025 calibration compliance
    Given the Multi-Sonicator I/O Controller is configured for compliance testing ... untested in 0.000s
    And all required documentation is available ... untested in 0.000s
    And the system is in a controlled test environment ... untested in 0.000s
    Given the system includes measurement instruments ... untested in 0.000s
    When I validate calibration processes ... untested in 0.000s
    Then measurement traceability should be established ... untested in 0.000s
    And calibration intervals should be appropriate ... untested in 0.000s
    And calibration procedures should be documented ... untested in 0.000s
    And measurement uncertainty should be evaluated ... untested in 0.000s
    And calibration records should be maintained ... untested in 0.000s
    And competence of calibration personnel should be demonstrated ... untested in 0.000s

@scenario.end
--------------------------------------------------------------------------------
]]>
</system-out></testcase><testcase classname="features.regulatory_compliance.Regulatory Compliance and Standards Validation" name="Technical documentation compliance" status="untested" time="0"><skipped /><system-out>
<![CDATA[
@scenario.begin

  @compliance @regulatory @documentation
  Scenario: Technical documentation compliance
    Given the Multi-Sonicator I/O Controller is configured for compliance testing ... untested in 0.000s
    And all required documentation is available ... untested in 0.000s
    And the system is in a controlled test environment ... untested in 0.000s
    Given the system requires comprehensive documentation ... untested in 0.000s
    When I validate documentation completeness ... untested in 0.000s
    Then user manuals should be complete and accurate ... untested in 0.000s
    And installation instructions should be clear ... untested in 0.000s
    And maintenance procedures should be documented ... untested in 0.000s
    And safety information should be prominent ... untested in 0.000s
    And regulatory declarations should be included ... untested in 0.000s
    And version control should be maintained ... untested in 0.000s

@scenario.end
--------------------------------------------------------------------------------
]]>
</system-out></testcase><testcase classname="features.regulatory_compliance.Regulatory Compliance and Standards Validation" name="Medical device regulation compliance (MDR 2017/745)" status="untested" time="0"><skipped /><system-out>
<![CDATA[
@scenario.begin

  @pending @compliance @regulatory @medical
  Scenario: Medical device regulation compliance (MDR 2017/745)
    Given the Multi-Sonicator I/O Controller is configured for compliance testing ... untested in 0.000s
    And all required documentation is available ... untested in 0.000s
    And the system is in a controlled test environment ... untested in 0.000s
    Given the system is used in medical device manufacturing ... untested in 0.000s
    When I validate medical device requirements ... untested in 0.000s
    Then risk management should follow ISO 14971 ... untested in 0.000s
    And quality management should follow ISO 13485 ... untested in 0.000s
    And clinical evaluation should be documented ... untested in 0.000s
    And post-market surveillance should be planned ... untested in 0.000s
    And unique device identification should be implemented ... untested in 0.000s
    And authorized representative should be designated ... untested in 0.000s

@scenario.end
--------------------------------------------------------------------------------
]]>
</system-out></testcase><testcase classname="features.regulatory_compliance.Regulatory Compliance and Standards Validation" name="Export control compliance" status="untested" time="0"><skipped /><system-out>
<![CDATA[
@scenario.begin

  @pending @compliance @regulatory @export
  Scenario: Export control compliance
    Given the Multi-Sonicator I/O Controller is configured for compliance testing ... untested in 0.000s
    And all required documentation is available ... untested in 0.000s
    And the system is in a controlled test environment ... untested in 0.000s
    Given the system may be exported internationally ... untested in 0.000s
    When I validate export control requirements ... untested in 0.000s
    Then export classification should be determined ... untested in 0.000s
    And dual-use technology should be identified ... untested in 0.000s
    And export licenses should be obtained where required ... untested in 0.000s
    And end-user verification should be performed ... untested in 0.000s
    And re-export restrictions should be documented ... untested in 0.000s
    And compliance monitoring should be maintained ... untested in 0.000s

@scenario.end
--------------------------------------------------------------------------------
]]>
</system-out></testcase><testcase classname="features.regulatory_compliance.Regulatory Compliance and Standards Validation" name="ISO 14001 environmental management compliance" status="untested" time="0"><skipped /><system-out>
<![CDATA[
@scenario.begin

  @pending @compliance @regulatory @environmental-management
  Scenario: ISO 14001 environmental management compliance
    Given the Multi-Sonicator I/O Controller is configured for compliance testing ... untested in 0.000s
    And all required documentation is available ... untested in 0.000s
    And the system is in a controlled test environment ... untested in 0.000s
    Given the system is part of an environmental management system ... untested in 0.000s
    When I validate environmental requirements ... untested in 0.000s
    Then environmental aspects should be identified ... untested in 0.000s
    And environmental impacts should be evaluated ... untested in 0.000s
    And environmental objectives should be established ... untested in 0.000s
    And environmental performance should be monitored ... untested in 0.000s
    And legal compliance should be ensured ... untested in 0.000s
    And continual improvement should be demonstrated ... untested in 0.000s

@scenario.end
--------------------------------------------------------------------------------
]]>
</system-out></testcase><testcase classname="features.regulatory_compliance.Regulatory Compliance and Standards Validation" name="Energy efficiency directive compliance" status="untested" time="0"><skipped /><system-out>
<![CDATA[
@scenario.begin

  @pending @compliance @regulatory @energy-efficiency
  Scenario: Energy efficiency directive compliance
    Given the Multi-Sonicator I/O Controller is configured for compliance testing ... untested in 0.000s
    And all required documentation is available ... untested in 0.000s
    And the system is in a controlled test environment ... untested in 0.000s
    Given the system must meet energy efficiency requirements ... untested in 0.000s
    When I validate energy performance ... untested in 0.000s
    Then energy consumption should be measured and reported ... untested in 0.000s
    And energy efficiency should meet minimum standards ... untested in 0.000s
    And energy management systems should be implemented ... untested in 0.000s
    And energy audits should be performed regularly ... untested in 0.000s
    And energy saving opportunities should be identified ... untested in 0.000s
    And energy performance indicators should be tracked ... untested in 0.000s

@scenario.end
--------------------------------------------------------------------------------
]]>
</system-out></testcase></testsuite>