<testsuite name="features.ci.CI drift checks" tests="1" errors="0" failures="0" skipped="1" time="7.7e-05" timestamp="2025-09-03T13:13:32.744983" hostname="Corbans-Mini.home"><testcase classname="features.ci.CI drift checks" name="SC-025 PRD vs include/config.h drift detection" status="skipped" time="7.7e-05"><skipped /><system-out>
<![CDATA[
@scenario.begin

  @req-ci-drift @simulavr
  Scenario: SC-025 PRD vs include/config.h drift detection
    Given the system is initialized ... skipped in 0.000s
    Then the CI drift check passes ... skipped in 0.000s

@scenario.end
--------------------------------------------------------------------------------
]]>
</system-out></testcase></testsuite>