<testsuite name="features.smoke.Smoke" tests="2" errors="0" failures="0" skipped="2" time="0.0" timestamp="2025-09-24T14:26:42.857870" hostname="Corbans-Mini.home"><testcase classname="features.smoke.Smoke" name="SMK-001 Harness runs a passing step" status="untested" time="0"><skipped /><system-out>
<![CDATA[
@scenario.begin
  Scenario: SMK-001 Harness runs a passing step
    Given the HIL test harness is connected ... untested in 0.000s
    Then the harness sanity check passes ... untested in 0.000s
    And the Arduino Test Wrapper is available for testing ... untested in 0.000s

@scenario.end
--------------------------------------------------------------------------------
]]>
</system-out></testcase><testcase classname="features.smoke.Smoke" name="SMK-002 Web UI Smoke Acceptance Test" status="untested" time="0"><skipped /><system-out>
<![CDATA[
@scenario.begin

  @smoke @web-ui @acceptance
  Scenario: SMK-002 Web UI Smoke Acceptance Test
    Given the web UI backend is running and healthy ... untested in 0.000s
    And the web UI frontend is accessible ... untested in 0.000s
    When I verify all Sonicator #4 pins are accessible ... untested in 0.000s
    Then all pin control APIs respond correctly ... untested in 0.000s
    And the frequency generation system is functional ... untested in 0.000s
    And the PWM monitoring system is operational ... untested in 0.000s
    And the theme toggle system works correctly ... untested in 0.000s

@scenario.end
--------------------------------------------------------------------------------
]]>
</system-out></testcase></testsuite>