<testsuite name="features.system.System metrics" tests="5" errors="5" failures="0" skipped="0" time="0.00074" timestamp="2025-09-16T18:33:09.388757" hostname="Corbans-Mini.home"><testcase classname="features.system.System metrics" name="SC-007 Active Sonicator Count" status="cleanup_error" time="0.000346"><error type="UnknownError" message="">
<![CDATA[Traceback:
]]>
</error><system-out>
<![CDATA[
@scenario.begin

  @req-active-count @reg-40035 @hil @requirement_FR9
  Scenario: SC-007 Active Sonicator Count
    Given the system is initialized ... passed in 0.000s
    When I set input running for unit 1 to asserted ... skipped in 0.000s
    Then holding register 40035 should equal 1 within 100 ms ... skipped in 0.000s

@scenario.end
--------------------------------------------------------------------------------

Captured stdout:
🔧 HIL scenario setup: SC-007 Active Sonicator Count


]]>
</system-out><system-err>
<![CDATA[
Captured stderr:

SKIP Scenario SC-007 Active Sonicator Count: pending: pymodbus not available
SKIP Scenario SC-007 Active Sonicator Count: no MODBUS client available to set running state

]]>
</system-err></testcase><testcase classname="features.system.System metrics" name="SC-008 Active Sonicator Mask" status="cleanup_error" time="0.000206"><error type="UnknownError" message="">
<![CDATA[Traceback:
]]>
</error><system-out>
<![CDATA[
@scenario.begin

  @req-active-mask @reg-40036 @hil @requirement_FR9
  Scenario: SC-008 Active Sonicator Mask
    Given the system is initialized ... passed in 0.000s
    When I set input running for unit 1 to asserted ... skipped in 0.000s
    Then holding register 40036 should equal 1 within 100 ms ... skipped in 0.000s

@scenario.end
--------------------------------------------------------------------------------

Captured stdout:
🔧 HIL scenario setup: SC-008 Active Sonicator Mask


]]>
</system-out><system-err>
<![CDATA[
Captured stderr:

SKIP Scenario SC-008 Active Sonicator Mask: pending: pymodbus not available
SKIP Scenario SC-008 Active Sonicator Mask: no MODBUS client available to set running state

]]>
</system-err></testcase><testcase classname="features.system.System metrics" name="SC-013 System status bitfield" status="cleanup_error" time="0"><error type="UnknownError" message="">
<![CDATA[Traceback:
]]>
</error><system-out>
<![CDATA[
@scenario.begin

  @req-system-status @reg-40025 @hil @pending
  Scenario: SC-013 System status bitfield
    Given the system is initialized ... skipped in 0.000s
    When I set input estop for unit 1 to asserted ... skipped in 0.000s
    Then holding register 40025 should equal 1 within 50 ms ... skipped in 0.000s

@scenario.end
--------------------------------------------------------------------------------
]]>
</system-out></testcase><testcase classname="features.system.System metrics" name="SC-017 Active transitions stability" status="cleanup_error" time="0.000187"><error type="UnknownError" message="">
<![CDATA[Traceback:
]]>
</error><system-out>
<![CDATA[
@scenario.begin

  @req-active-transitions @reg-40035 @reg-40036 @hil @requirement_FR9
  Scenario: SC-017 Active transitions stability
    Given the system is initialized ... passed in 0.000s
    When I set input running for unit 1 to deasserted ... skipped in 0.000s
    Then holding register 40035 should equal 0 within 100 ms ... skipped in 0.000s

@scenario.end
--------------------------------------------------------------------------------

Captured stdout:
🔧 HIL scenario setup: SC-017 Active transitions stability


]]>
</system-out><system-err>
<![CDATA[
Captured stderr:

SKIP Scenario SC-017 Active transitions stability: pending: pymodbus not available
SKIP Scenario SC-017 Active transitions stability: no MODBUS client available to set running state

]]>
</system-err></testcase><testcase classname="features.system.System metrics" name="SC-020 Power-up defaults to off" status="cleanup_error" time="0"><error type="NoneType" message="None">
<![CDATA[
Failing step: When the system initializes ... undefined in 0.000s
Location: test/acceptance/features/system.feature:31
None]]>
</error><system-out>
<![CDATA[
@scenario.begin

  @requirement_FR10 @hil
  Scenario: SC-020 Power-up defaults to off
    When the system initializes ... undefined in 0.000s
    Then holding register 40035 should equal 0 within 100 ms ... skipped in 0.000s
    And holding register 40036 should equal 0 within 100 ms ... skipped in 0.000s

@scenario.end
--------------------------------------------------------------------------------

Captured stdout:
🔧 HIL scenario setup: SC-020 Power-up defaults to off

]]>
</system-out></testcase></testsuite>