<testsuite name="features.amplitude_control.Amplitude control (common)" tests="4" errors="0" failures="0" skipped="4" time="0.0" timestamp="2025-09-04T11:41:19.470688" hostname="Corbans-Mini.home"><testcase classname="features.amplitude_control.Amplitude control (common)" name="Set amplitude within range and verify mapping -- @1.1 " status="skipped" time="0"><skipped /><system-out>
<![CDATA[
@scenario.begin

  @us-003
  Scenario Outline: Set amplitude within range and verify mapping -- @1.1 
    Given the HIL wrapper is connected and ready ... skipped in 0.000s
    And the DUT is powered and at safe defaults ... skipped in 0.000s
    When I write 20 to holding register 40001 ... skipped in 0.000s
    Then within 100 ms the amplitude output maps to 20 percent within tolerance 2% ... skipped in 0.000s

@scenario.end
--------------------------------------------------------------------------------
]]>
</system-out></testcase><testcase classname="features.amplitude_control.Amplitude control (common)" name="Set amplitude within range and verify mapping -- @1.2 " status="skipped" time="0"><skipped /><system-out>
<![CDATA[
@scenario.begin

  @us-003
  Scenario Outline: Set amplitude within range and verify mapping -- @1.2 
    Given the HIL wrapper is connected and ready ... skipped in 0.000s
    And the DUT is powered and at safe defaults ... skipped in 0.000s
    When I write 60 to holding register 40001 ... skipped in 0.000s
    Then within 100 ms the amplitude output maps to 60 percent within tolerance 2% ... skipped in 0.000s

@scenario.end
--------------------------------------------------------------------------------
]]>
</system-out></testcase><testcase classname="features.amplitude_control.Amplitude control (common)" name="Set amplitude within range and verify mapping -- @1.3 " status="skipped" time="0"><skipped /><system-out>
<![CDATA[
@scenario.begin

  @us-003
  Scenario Outline: Set amplitude within range and verify mapping -- @1.3 
    Given the HIL wrapper is connected and ready ... skipped in 0.000s
    And the DUT is powered and at safe defaults ... skipped in 0.000s
    When I write 100 to holding register 40001 ... skipped in 0.000s
    Then within 100 ms the amplitude output maps to 100 percent within tolerance 2% ... skipped in 0.000s

@scenario.end
--------------------------------------------------------------------------------
]]>
</system-out></testcase><testcase classname="features.amplitude_control.Amplitude control (common)" name="Reject out-of-range amplitude" status="skipped" time="0"><skipped /><system-out>
<![CDATA[
@scenario.begin

  @us-003 @invalid
  Scenario: Reject out-of-range amplitude
    Given the HIL wrapper is connected and ready ... skipped in 0.000s
    And the DUT is powered and at safe defaults ... skipped in 0.000s
    When I write 5 to holding register 40001 ... skipped in 0.000s
    Then the write is rejected or the register value is clamped per spec ... skipped in 0.000s

@scenario.end
--------------------------------------------------------------------------------
]]>
</system-out></testcase></testsuite>