<testsuite name="features.smoke.Smoke" tests="1" errors="0" failures="1" skipped="0" time="3.5e-05" timestamp="2025-09-03T13:13:32.792234" hostname="Corbans-Mini.home"><testcase classname="features.smoke.Smoke" name="SMK-001 Harness runs a passing step" status="failed" time="3.5e-05"><failure type="AssertionError" message="Expected profile 'simulavr', got 'hil'">
<![CDATA[
Failing step: Given the emulation profile is simulavr ... failed in 0.000s
Location: test/acceptance/features/smoke.feature:6
Assertion Failed: Expected profile 'simulavr', got 'hil']]>
</failure><system-out>
<![CDATA[
@scenario.begin
  Scenario: SMK-001 Harness runs a passing step
    Given the emulation profile is simulavr ... failed in 0.000s
    Then the harness sanity check passes ... skipped in 0.000s
    And the serial device is available for the harness ... skipped in 0.000s

@scenario.end
--------------------------------------------------------------------------------
]]>
</system-out></testcase></testsuite>