<testsuite name="features.hil_adc_verification.ADC Hardware Verification" tests="6" errors="6" failures="0" skipped="0" time="6.136266" timestamp="2025-09-12T01:10:17.619025" hostname="Corbans-Mini.home"><testcase classname="features.hil_adc_verification.ADC Hardware Verification" name="POWER_SENSE_4 ADC channel verification" status="cleanup_error" time="1.013836"><error type="UnknownError" message="">
<![CDATA[Traceback:
]]>
</error><system-out>
<![CDATA[
@scenario.begin

  @hil @hardware @adc
  Scenario: POWER_SENSE_4 ADC channel verification
    Given the HIL framework is connected to ATmega32A ... passed in 0.000s
    And the ADC subsystem is initialized ... failed in 1.014s
    And the ADC reference is set to 5.0V ... skipped in 0.000s
    When I apply 0V to ADC channel "POWER_SENSE_4" ... skipped in 0.000s
    Then the ADC reading should be approximately 0 ... skipped in 0.000s
    And the voltage should be approximately 0.0V ... skipped in 0.000s

@scenario.end
--------------------------------------------------------------------------------

Captured stdout:
🔧 HIL scenario setup: POWER_SENSE_4 ADC channel verification

✅ HIL framework connected to ATmega32A

]]>
</system-out><system-err>
<![CDATA[
Captured stderr:


]]>
</system-err></testcase><testcase classname="features.hil_adc_verification.ADC Hardware Verification" name="POWER_SENSE_4 mid-scale verification" status="cleanup_error" time="1.076191"><error type="UnknownError" message="">
<![CDATA[Traceback:
]]>
</error><system-out>
<![CDATA[
@scenario.begin

  @hil @hardware @adc
  Scenario: POWER_SENSE_4 mid-scale verification
    Given the HIL framework is connected to ATmega32A ... passed in 0.000s
    And the ADC subsystem is initialized ... failed in 1.076s
    And the ADC reference is set to 5.0V ... skipped in 0.000s
    When I apply 2.5V to ADC channel "POWER_SENSE_4" ... skipped in 0.000s
    Then the ADC reading should be approximately 512 ... skipped in 0.000s
    And the voltage should be approximately 2.5V ± 0.1V ... skipped in 0.000s

@scenario.end
--------------------------------------------------------------------------------

Captured stdout:
🔧 HIL scenario setup: POWER_SENSE_4 mid-scale verification

✅ HIL framework connected to ATmega32A

]]>
</system-out><system-err>
<![CDATA[
Captured stderr:


]]>
</system-err></testcase><testcase classname="features.hil_adc_verification.ADC Hardware Verification" name="POWER_SENSE_4 full-scale verification" status="cleanup_error" time="1.016093"><error type="UnknownError" message="">
<![CDATA[Traceback:
]]>
</error><system-out>
<![CDATA[
@scenario.begin

  @hil @hardware @adc
  Scenario: POWER_SENSE_4 full-scale verification
    Given the HIL framework is connected to ATmega32A ... passed in 0.000s
    And the ADC subsystem is initialized ... failed in 1.016s
    And the ADC reference is set to 5.0V ... skipped in 0.000s
    When I apply 5.0V to ADC channel "POWER_SENSE_4" ... skipped in 0.000s
    Then the ADC reading should be approximately 1023 ... skipped in 0.000s
    And the voltage should be approximately 5.0V ± 0.1V ... skipped in 0.000s

@scenario.end
--------------------------------------------------------------------------------

Captured stdout:
🔧 HIL scenario setup: POWER_SENSE_4 full-scale verification

✅ HIL framework connected to ATmega32A

]]>
</system-out><system-err>
<![CDATA[
Captured stderr:


]]>
</system-err></testcase><testcase classname="features.hil_adc_verification.ADC Hardware Verification" name="Power measurement scaling verification" status="cleanup_error" time="1.006351"><error type="UnknownError" message="">
<![CDATA[Traceback:
]]>
</error><system-out>
<![CDATA[
@scenario.begin

  @hil @hardware @adc
  Scenario: Power measurement scaling verification
    Given the HIL framework is connected to ATmega32A ... passed in 0.000s
    And the ADC subsystem is initialized ... failed in 1.006s
    And the ADC reference is set to 5.0V ... skipped in 0.000s
    Given the power measurement scaling is 5.44 mV/W ... skipped in 0.000s
    When I simulate 100W power consumption ... skipped in 0.000s
    Then the ADC should read a voltage of approximately 0.544V ... skipped in 0.000s
    And the calculated power should be approximately 100W ± 5W ... skipped in 0.000s

@scenario.end
--------------------------------------------------------------------------------

Captured stdout:
🔧 HIL scenario setup: Power measurement scaling verification

✅ HIL framework connected to ATmega32A

]]>
</system-out><system-err>
<![CDATA[
Captured stderr:


]]>
</system-err></testcase><testcase classname="features.hil_adc_verification.ADC Hardware Verification" name="ADC noise and stability" status="cleanup_error" time="1.015815"><error type="UnknownError" message="">
<![CDATA[Traceback:
]]>
</error><system-out>
<![CDATA[
@scenario.begin

  @hil @hardware @adc
  Scenario: ADC noise and stability
    Given the HIL framework is connected to ATmega32A ... passed in 0.000s
    And the ADC subsystem is initialized ... failed in 1.016s
    And the ADC reference is set to 5.0V ... skipped in 0.000s
    When I apply a stable 2.5V to ADC channel "POWER_SENSE_4" ... skipped in 0.000s
    And I take 100 ADC readings over 10 seconds ... skipped in 0.000s
    Then the standard deviation should be less than 5 ADC counts ... skipped in 0.000s
    And all readings should be within ±20 ADC counts of the mean ... skipped in 0.000s

@scenario.end
--------------------------------------------------------------------------------

Captured stdout:
🔧 HIL scenario setup: ADC noise and stability

✅ HIL framework connected to ATmega32A

]]>
</system-out><system-err>
<![CDATA[
Captured stderr:


]]>
</system-err></testcase><testcase classname="features.hil_adc_verification.ADC Hardware Verification" name="Multiple ADC channel independence" status="cleanup_error" time="1.007981"><error type="UnknownError" message="">
<![CDATA[Traceback:
]]>
</error><system-out>
<![CDATA[
@scenario.begin

  @hil @hardware @adc
  Scenario: Multiple ADC channel independence
    Given the HIL framework is connected to ATmega32A ... passed in 0.000s
    And the ADC subsystem is initialized ... failed in 1.008s
    And the ADC reference is set to 5.0V ... skipped in 0.000s
    When I apply 1.0V to ADC channel "POWER_SENSE_4" ... skipped in 0.000s
    And I apply 3.0V to another available ADC channel ... skipped in 0.000s
    Then "POWER_SENSE_4" should read approximately 1.0V ... skipped in 0.000s
    And the other channel should read approximately 3.0V ... skipped in 0.000s
    And neither channel should affect the other ... skipped in 0.000s

@scenario.end
--------------------------------------------------------------------------------

Captured stdout:
🔧 HIL scenario setup: Multiple ADC channel independence

✅ HIL framework connected to ATmega32A

]]>
</system-out><system-err>
<![CDATA[
Captured stderr:


]]>
</system-err></testcase></testsuite>