<testsuite name="features.monitoring.Monitoring via MODBUS" tests="6" errors="0" failures="0" skipped="6" time="0.0" timestamp="2025-09-04T11:41:19.491154" hostname="Corbans-Mini.home"><testcase classname="features.monitoring.Monitoring via MODBUS" name="SC-004 Power monitoring scaling" status="skipped" time="0"><skipped /><system-out>
<![CDATA[
@scenario.begin

  @pending @req-power @prd-10-api @reg-40013-40016 @simulavr @hil
  Scenario: SC-004 Power monitoring scaling
    Given the system is initialized ... skipped in 0.000s
    When I simulate power reading of 100 ... skipped in 0.000s
    Then holding register 40013 should equal 100 within 100 ms ... skipped in 0.000s

@scenario.end
--------------------------------------------------------------------------------
]]>
</system-out></testcase><testcase classname="features.monitoring.Monitoring via MODBUS" name="SC-005 Frequency monitoring" status="skipped" time="0"><skipped /><system-out>
<![CDATA[
@scenario.begin

  @req-frequency @prd-10-api @reg-40017-40020 @simulavr @hil
  Scenario: SC-005 Frequency monitoring
    Given the system is initialized ... skipped in 0.000s
    When I simulate frequency reading of 20000 ... skipped in 0.000s
    Then holding register 40017 should equal 20000 within 100 ms ... skipped in 0.000s

@scenario.end
--------------------------------------------------------------------------------
]]>
</system-out></testcase><testcase classname="features.monitoring.Monitoring via MODBUS" name="SC-006 Status flags" status="skipped" time="0"><skipped /><system-out>
<![CDATA[
@scenario.begin

  @req-status-flags @prd-10-api @reg-40021-40024 @simulavr @hil
  Scenario: SC-006 Status flags
    Given the system is initialized ... skipped in 0.000s
    When I simulate starting sonicator 1 ... skipped in 0.000s
    Then status flag bit 0 for unit 1 is 1 ... skipped in 0.000s

@scenario.end
--------------------------------------------------------------------------------
]]>
</system-out></testcase><testcase classname="features.monitoring.Monitoring via MODBUS" name="SC-015 Per-unit runtimes" status="skipped" time="0"><skipped /><system-out>
<![CDATA[
@scenario.begin

  @req-runtimes @reg-40027-40030 @simulavr @hil
  Scenario: SC-015 Per-unit runtimes
    Given the system is initialized ... skipped in 0.000s
    When I simulate starting sonicator 1 ... skipped in 0.000s
    Then holding register 40027 should equal 5 within 1000 ms ... skipped in 0.000s

@scenario.end
--------------------------------------------------------------------------------
]]>
</system-out></testcase><testcase classname="features.monitoring.Monitoring via MODBUS" name="SC-016 Overload counts" status="skipped" time="0"><skipped /><system-out>
<![CDATA[
@scenario.begin

  @req-overload-counts @reg-40031-40034 @simulavr @hil
  Scenario: SC-016 Overload counts
    Given the system is initialized ... skipped in 0.000s
    When I simulate overload on sonicator 1 ... skipped in 0.000s
    Then holding register 40031 should equal 1 within 200 ms ... skipped in 0.000s

@scenario.end
--------------------------------------------------------------------------------
]]>
</system-out></testcase><testcase classname="features.monitoring.Monitoring via MODBUS" name="SC-019 Frequency lock behavior" status="skipped" time="0"><skipped /><system-out>
<![CDATA[
@scenario.begin

  @req-freq-lock @simulavr @hil
  Scenario: SC-019 Frequency lock behavior
    Given the system is initialized ... skipped in 0.000s
    When I simulate frequency lock on sonicator 1 ... skipped in 0.000s
    Then status flag bit 2 for unit 1 is 1 ... skipped in 0.000s

@scenario.end
--------------------------------------------------------------------------------
]]>
</system-out></testcase></testsuite>