<testsuite name="features.hil_gpio_functionality.GPIO Hardware Functionality" tests="6" errors="0" failures="0" skipped="6" time="0.0" timestamp="2025-09-24T14:26:42.806154" hostname="Corbans-Mini.home"><testcase classname="features.hil_gpio_functionality.GPIO Hardware Functionality" name="Digital output control - START_4 pin" status="untested" time="0"><skipped /><system-out>
<![CDATA[
@scenario.begin

  @hil @hardware @gpio
  Scenario: Digital output control - START_4 pin
    Given the HIL framework is connected to ATmega32A ... untested in 0.000s
    And the GPIO HAL is loaded on the target ... untested in 0.000s
    When I set pin "START_4" to HIGH via HIL framework ... untested in 0.000s
    Then the pin voltage should be approximately 5.0V ... untested in 0.000s
    When I set pin "START_4" to LOW via HIL framework ... untested in 0.000s
    Then the pin voltage should be approximately 0.0V ... untested in 0.000s

@scenario.end
--------------------------------------------------------------------------------
]]>
</system-out></testcase><testcase classname="features.hil_gpio_functionality.GPIO Hardware Functionality" name="Digital output control - RESET_4 pin" status="untested" time="0"><skipped /><system-out>
<![CDATA[
@scenario.begin

  @hil @hardware @gpio
  Scenario: Digital output control - RESET_4 pin
    Given the HIL framework is connected to ATmega32A ... untested in 0.000s
    And the GPIO HAL is loaded on the target ... untested in 0.000s
    When I set pin "RESET_4" to HIGH via HIL framework ... untested in 0.000s
    Then the pin voltage should be approximately 5.0V ... untested in 0.000s
    When I set pin "RESET_4" to LOW via HIL framework ... untested in 0.000s
    Then the pin voltage should be approximately 0.0V ... untested in 0.000s

@scenario.end
--------------------------------------------------------------------------------
]]>
</system-out></testcase><testcase classname="features.hil_gpio_functionality.GPIO Hardware Functionality" name="Digital input reading - OVERLOAD_4 pin" status="untested" time="0"><skipped /><system-out>
<![CDATA[
@scenario.begin

  @hil @hardware @gpio
  Scenario: Digital input reading - OVERLOAD_4 pin
    Given the HIL framework is connected to ATmega32A ... untested in 0.000s
    And the GPIO HAL is loaded on the target ... untested in 0.000s
    Given pin "OVERLOAD_4" is configured as input with pull-up ... untested in 0.000s
    When the HIL framework applies 0V to pin "OVERLOAD_4" externally ... untested in 0.000s
    Then reading pin "OVERLOAD_4" should return LOW ... untested in 0.000s
    When the HIL framework disconnects the external connection ... untested in 0.000s
    Then reading pin "OVERLOAD_4" should return HIGH ... untested in 0.000s

@scenario.end
--------------------------------------------------------------------------------
]]>
</system-out></testcase><testcase classname="features.hil_gpio_functionality.GPIO Hardware Functionality" name="Digital input reading - FREQ_LOCK_4 pin" status="untested" time="0"><skipped /><system-out>
<![CDATA[
@scenario.begin

  @hil @hardware @gpio
  Scenario: Digital input reading - FREQ_LOCK_4 pin
    Given the HIL framework is connected to ATmega32A ... untested in 0.000s
    And the GPIO HAL is loaded on the target ... untested in 0.000s
    Given pin "FREQ_LOCK_4" is configured as input ... untested in 0.000s
    When the HIL framework applies 5V to pin "FREQ_LOCK_4" ... untested in 0.000s
    Then reading pin "FREQ_LOCK_4" should return HIGH ... untested in 0.000s
    When the HIL framework applies 0V to pin "FREQ_LOCK_4" ... untested in 0.000s
    Then reading pin "FREQ_LOCK_4" should return LOW ... untested in 0.000s

@scenario.end
--------------------------------------------------------------------------------
]]>
</system-out></testcase><testcase classname="features.hil_gpio_functionality.GPIO Hardware Functionality" name="Pin state persistence" status="untested" time="0"><skipped /><system-out>
<![CDATA[
@scenario.begin

  @hil @hardware @gpio
  Scenario: Pin state persistence
    Given the HIL framework is connected to ATmega32A ... untested in 0.000s
    And the GPIO HAL is loaded on the target ... untested in 0.000s
    When I set pin "START_4" to HIGH ... untested in 0.000s
    And I set pin "RESET_4" to LOW ... untested in 0.000s
    And I wait for 5 seconds ... untested in 0.000s
    Then pin "START_4" should still be HIGH ... untested in 0.000s
    And pin "RESET_4" should still be LOW ... untested in 0.000s

@scenario.end
--------------------------------------------------------------------------------
]]>
</system-out></testcase><testcase classname="features.hil_gpio_functionality.GPIO Hardware Functionality" name="Status LED control" status="untested" time="0"><skipped /><system-out>
<![CDATA[
@scenario.begin

  @hil @hardware @gpio
  Scenario: Status LED control
    Given the HIL framework is connected to ATmega32A ... untested in 0.000s
    And the GPIO HAL is loaded on the target ... untested in 0.000s
    When I set pin "STATUS_LED" to HIGH ... untested in 0.000s
    Then the status LED should be visible on the hardware ... untested in 0.000s
    When I set pin "STATUS_LED" to LOW ... untested in 0.000s
    Then the status LED should be off ... untested in 0.000s

@scenario.end
--------------------------------------------------------------------------------
]]>
</system-out></testcase></testsuite>