<testsuite name="features.modbus.MODBUS protocol behaviors" tests="4" errors="0" failures="0" skipped="4" time="0.0" timestamp="2025-09-05T16:09:46.651918" hostname="Corbans-Mini.home"><testcase classname="features.modbus.MODBUS protocol behaviors" name="SC-020 FC16 multiple write boundary cases" status="skipped" time="0"><skipped /><system-out>
<![CDATA[
@scenario.begin

  @pending @req-fc16 @simulavr @hil
  Scenario: SC-020 FC16 multiple write boundary cases
    Given the system is initialized ... skipped in 0.000s
    When I write holding register 40001 with value 50 ... skipped in 0.000s
    Then holding register 40001 should equal 50 within 100 ms ... skipped in 0.000s

@scenario.end
--------------------------------------------------------------------------------
]]>
</system-out></testcase><testcase classname="features.modbus.MODBUS protocol behaviors" name="SC-021 Illegal address handling" status="skipped" time="0"><skipped /><system-out>
<![CDATA[
@scenario.begin

  @req-illegal-address @simulavr
  Scenario: SC-021 Illegal address handling
    Given the system is initialized ... skipped in 0.000s
    When I write holding register 49999 with value 1 ... skipped in 0.000s
    Then holding register 49999 should equal 0 within 100 ms ... skipped in 0.000s

@scenario.end
--------------------------------------------------------------------------------
]]>
</system-out></testcase><testcase classname="features.modbus.MODBUS protocol behaviors" name="SC-022 Slave ID configuration" status="skipped" time="0"><skipped /><system-out>
<![CDATA[
@scenario.begin

  @req-slave-id @simulavr @hil
  Scenario: SC-022 Slave ID configuration
    Given the system is initialized ... skipped in 0.000s
    When I write holding register 40002 with value 2 ... skipped in 0.000s
    Then holding register 40002 should equal 2 within 100 ms ... skipped in 0.000s

@scenario.end
--------------------------------------------------------------------------------
]]>
</system-out></testcase><testcase classname="features.modbus.MODBUS protocol behaviors" name="SC-023 CRC error handling" status="skipped" time="0"><skipped /><system-out>
<![CDATA[
@scenario.begin

  @req-crc @simulavr
  Scenario: SC-023 CRC error handling
    Given the system is initialized ... skipped in 0.000s
    Then corrupted frames are rejected ... skipped in 0.000s

@scenario.end
--------------------------------------------------------------------------------
]]>
</system-out></testcase></testsuite>