<testsuite name="features.module_1.Module 1 Acceptance" tests="2" errors="0" failures="0" skipped="2" time="0.0" timestamp="2025-09-05T12:14:59.143311" hostname="Corbans-Mini.home"><testcase classname="features.module_1.Module 1 Acceptance" name="Module 1 basic acceptance" status="skipped" time="0"><skipped /><system-out>
<![CDATA[
@scenario.begin

  @module_1 @implemented
  Scenario: Module 1 basic acceptance
    Given the hardware is initialized ... skipped in 0.000s
    When the module 1 feature is exercised ... skipped in 0.000s
    Then the expected result is observed ... skipped in 0.000s

@scenario.end
--------------------------------------------------------------------------------
]]>
</system-out></testcase><testcase classname="features.module_1.Module 1 Acceptance" name="Module 1 advanced acceptance (pending implementation)" status="skipped" time="0"><skipped /><system-out>
<![CDATA[
@scenario.begin

  @pending
  Scenario: Module 1 advanced acceptance (pending implementation)
    Given the hardware is initialized ... skipped in 0.000s
    When the advanced feature is exercised ... skipped in 0.000s
    Then the expected advanced result is observed ... skipped in 0.000s

@scenario.end
--------------------------------------------------------------------------------
]]>
</system-out></testcase></testsuite>