<testsuite name="features.advanced_features.Advanced System Features" tests="14" errors="0" failures="0" skipped="14" time="0.0" timestamp="2025-09-05T12:14:59.049131" hostname="Corbans-Mini.home"><testcase classname="features.advanced_features.Advanced System Features" name="Real-time process analytics and optimization" status="skipped" time="0"><skipped /><system-out>
<![CDATA[
@scenario.begin

  @pending @advanced @analytics
  Scenario: Real-time process analytics and optimization
    Given the Multi-Sonicator I/O Controller is fully operational ... skipped in 0.000s
    And advanced features are enabled and configured ... skipped in 0.000s
    And the system has sufficient processing resources available ... skipped in 0.000s
    Given the system is equipped with advanced analytics capabilities ... skipped in 0.000s
    When I enable real-time process analytics ... skipped in 0.000s
    Then the system should continuously analyze process parameters ... skipped in 0.000s
    And it should identify optimal operating conditions automatically ... skipped in 0.000s
    And it should detect process variations and trends ... skipped in 0.000s
    And it should recommend parameter adjustments for optimization ... skipped in 0.000s
    And it should learn from historical data to improve recommendations ... skipped in 0.000s
    And it should provide predictive insights for process outcomes ... skipped in 0.000s

@scenario.end
--------------------------------------------------------------------------------
]]>
</system-out></testcase><testcase classname="features.advanced_features.Advanced System Features" name="Machine learning-based process control" status="skipped" time="0"><skipped /><system-out>
<![CDATA[
@scenario.begin

  @pending @advanced @machine-learning
  Scenario: Machine learning-based process control
    Given the Multi-Sonicator I/O Controller is fully operational ... skipped in 0.000s
    And advanced features are enabled and configured ... skipped in 0.000s
    And the system has sufficient processing resources available ... skipped in 0.000s
    Given the system supports machine learning algorithms ... skipped in 0.000s
    When I enable adaptive process control ... skipped in 0.000s
    Then the system should learn optimal control strategies from data ... skipped in 0.000s
    And it should automatically adjust parameters based on learned patterns ... skipped in 0.000s
    And it should improve performance over time through experience ... skipped in 0.000s
    And it should adapt to changing process conditions ... skipped in 0.000s
    And it should maintain process stability while optimizing efficiency ... skipped in 0.000s
    And it should provide explanations for control decisions ... skipped in 0.000s

@scenario.end
--------------------------------------------------------------------------------
]]>
</system-out></testcase><testcase classname="features.advanced_features.Advanced System Features" name="Predictive maintenance and health monitoring" status="skipped" time="0"><skipped /><system-out>
<![CDATA[
@scenario.begin

  @pending @advanced @predictive-maintenance
  Scenario: Predictive maintenance and health monitoring
    Given the Multi-Sonicator I/O Controller is fully operational ... skipped in 0.000s
    And advanced features are enabled and configured ... skipped in 0.000s
    And the system has sufficient processing resources available ... skipped in 0.000s
    Given the system includes predictive maintenance capabilities ... skipped in 0.000s
    When I enable health monitoring for all sonicators ... skipped in 0.000s
    Then the system should continuously monitor component health ... skipped in 0.000s
    And it should predict component failures before they occur ... skipped in 0.000s
    And it should recommend maintenance schedules based on actual usage ... skipped in 0.000s
    And it should track component degradation over time ... skipped in 0.000s
    And it should optimize maintenance intervals to minimize downtime ... skipped in 0.000s
    And it should provide early warning alerts for potential issues ... skipped in 0.000s

@scenario.end
--------------------------------------------------------------------------------
]]>
</system-out></testcase><testcase classname="features.advanced_features.Advanced System Features" name="Digital twin simulation and modeling" status="skipped" time="0"><skipped /><system-out>
<![CDATA[
@scenario.begin

  @pending @advanced @digital-twin
  Scenario: Digital twin simulation and modeling
    Given the Multi-Sonicator I/O Controller is fully operational ... skipped in 0.000s
    And advanced features are enabled and configured ... skipped in 0.000s
    And the system has sufficient processing resources available ... skipped in 0.000s
    Given the system supports digital twin technology ... skipped in 0.000s
    When I create a digital twin of the sonicator system ... skipped in 0.000s
    Then the digital twin should accurately model system behavior ... skipped in 0.000s
    And it should simulate different operating scenarios ... skipped in 0.000s
    And it should predict system responses to parameter changes ... skipped in 0.000s
    And it should enable virtual testing of new processes ... skipped in 0.000s
    And it should support what-if analysis for optimization ... skipped in 0.000s
    And it should continuously sync with the physical system ... skipped in 0.000s

@scenario.end
--------------------------------------------------------------------------------
]]>
</system-out></testcase><testcase classname="features.advanced_features.Advanced System Features" name="Cloud-based data analytics and storage" status="skipped" time="0"><skipped /><system-out>
<![CDATA[
@scenario.begin

  @pending @advanced @cloud-integration
  Scenario: Cloud-based data analytics and storage
    Given the Multi-Sonicator I/O Controller is fully operational ... skipped in 0.000s
    And advanced features are enabled and configured ... skipped in 0.000s
    And the system has sufficient processing resources available ... skipped in 0.000s
    Given the system is connected to cloud analytics services ... skipped in 0.000s
    When I enable cloud data synchronization ... skipped in 0.000s
    Then process data should be securely transmitted to the cloud ... skipped in 0.000s
    And cloud-based analytics should provide advanced insights ... skipped in 0.000s
    And historical data should be stored with unlimited capacity ... skipped in 0.000s
    And multi-site data comparison should be available ... skipped in 0.000s
    And cloud-based machine learning should enhance local algorithms ... skipped in 0.000s
    And data should be accessible from anywhere with proper authentication ... skipped in 0.000s

@scenario.end
--------------------------------------------------------------------------------
]]>
</system-out></testcase><testcase classname="features.advanced_features.Advanced System Features" name="AI-powered process optimization" status="skipped" time="0"><skipped /><system-out>
<![CDATA[
@scenario.begin

  @pending @advanced @ai-optimization
  Scenario: AI-powered process optimization
    Given the Multi-Sonicator I/O Controller is fully operational ... skipped in 0.000s
    And advanced features are enabled and configured ... skipped in 0.000s
    And the system has sufficient processing resources available ... skipped in 0.000s
    Given the system includes artificial intelligence capabilities ... skipped in 0.000s
    When I enable AI-powered optimization ... skipped in 0.000s
    Then the AI should analyze complex multi-variable relationships ... skipped in 0.000s
    And it should optimize multiple objectives simultaneously ... skipped in 0.000s
    And it should handle non-linear process dynamics ... skipped in 0.000s
    And it should adapt to changing raw material properties ... skipped in 0.000s
    And it should optimize energy consumption while maintaining quality ... skipped in 0.000s
    And it should provide confidence levels for its recommendations ... skipped in 0.000s

@scenario.end
--------------------------------------------------------------------------------
]]>
</system-out></testcase><testcase classname="features.advanced_features.Advanced System Features" name="Advanced human-machine interface features" status="skipped" time="0"><skipped /><system-out>
<![CDATA[
@scenario.begin

  @pending @advanced @advanced-hmi
  Scenario: Advanced human-machine interface features
    Given the Multi-Sonicator I/O Controller is fully operational ... skipped in 0.000s
    And advanced features are enabled and configured ... skipped in 0.000s
    And the system has sufficient processing resources available ... skipped in 0.000s
    Given the system supports advanced HMI capabilities ... skipped in 0.000s
    When I access the advanced interface features ... skipped in 0.000s
    Then I should have customizable dashboards with drag-and-drop widgets ... skipped in 0.000s
    And I should have advanced data visualization with interactive charts ... skipped in 0.000s
    And I should have augmented reality overlays for maintenance guidance ... skipped in 0.000s
    And I should have voice control for hands-free operation ... skipped in 0.000s
    And I should have gesture-based controls for intuitive interaction ... skipped in 0.000s
    And I should have personalized interfaces based on user roles ... skipped in 0.000s

@scenario.end
--------------------------------------------------------------------------------
]]>
</system-out></testcase><testcase classname="features.advanced_features.Advanced System Features" name="Blockchain-based data integrity and traceability" status="skipped" time="0"><skipped /><system-out>
<![CDATA[
@scenario.begin

  @pending @advanced @blockchain
  Scenario: Blockchain-based data integrity and traceability
    Given the Multi-Sonicator I/O Controller is fully operational ... skipped in 0.000s
    And advanced features are enabled and configured ... skipped in 0.000s
    And the system has sufficient processing resources available ... skipped in 0.000s
    Given the system supports blockchain technology ... skipped in 0.000s
    When I enable blockchain-based data recording ... skipped in 0.000s
    Then all critical process data should be recorded on the blockchain ... skipped in 0.000s
    And data integrity should be cryptographically guaranteed ... skipped in 0.000s
    And complete traceability should be maintained throughout the supply chain ... skipped in 0.000s
    And data tampering should be impossible without detection ... skipped in 0.000s
    And smart contracts should automate compliance verification ... skipped in 0.000s
    And multi-party verification should be supported for critical batches ... skipped in 0.000s

@scenario.end
--------------------------------------------------------------------------------
]]>
</system-out></testcase><testcase classname="features.advanced_features.Advanced System Features" name="Edge computing for real-time processing" status="skipped" time="0"><skipped /><system-out>
<![CDATA[
@scenario.begin

  @pending @advanced @edge-computing
  Scenario: Edge computing for real-time processing
    Given the Multi-Sonicator I/O Controller is fully operational ... skipped in 0.000s
    And advanced features are enabled and configured ... skipped in 0.000s
    And the system has sufficient processing resources available ... skipped in 0.000s
    Given the system includes edge computing capabilities ... skipped in 0.000s
    When I enable edge-based processing ... skipped in 0.000s
    Then complex algorithms should run locally with minimal latency ... skipped in 0.000s
    And real-time decisions should be made without cloud connectivity ... skipped in 0.000s
    And bandwidth usage should be optimized through local processing ... skipped in 0.000s
    And system responsiveness should be improved significantly ... skipped in 0.000s
    And critical operations should continue during network outages ... skipped in 0.000s
    And edge-cloud hybrid processing should be seamlessly coordinated ... skipped in 0.000s

@scenario.end
--------------------------------------------------------------------------------
]]>
</system-out></testcase><testcase classname="features.advanced_features.Advanced System Features" name="Quantum sensing for ultra-precise measurements" status="skipped" time="0"><skipped /><system-out>
<![CDATA[
@scenario.begin

  @pending @advanced @quantum-sensing
  Scenario: Quantum sensing for ultra-precise measurements
    Given the Multi-Sonicator I/O Controller is fully operational ... skipped in 0.000s
    And advanced features are enabled and configured ... skipped in 0.000s
    And the system has sufficient processing resources available ... skipped in 0.000s
    Given the system is equipped with quantum sensing technology ... skipped in 0.000s
    When I enable quantum-enhanced measurements ... skipped in 0.000s
    Then measurement precision should exceed classical limits ... skipped in 0.000s
    And quantum sensors should provide unprecedented sensitivity ... skipped in 0.000s
    And measurement noise should be reduced below classical bounds ... skipped in 0.000s
    And quantum entanglement should enhance measurement correlations ... skipped in 0.000s
    And quantum error correction should maintain measurement fidelity ... skipped in 0.000s
    And quantum advantage should be demonstrated in practical applications ... skipped in 0.000s

@scenario.end
--------------------------------------------------------------------------------
]]>
</system-out></testcase><testcase classname="features.advanced_features.Advanced System Features" name="Fully autonomous operation mode" status="skipped" time="0"><skipped /><system-out>
<![CDATA[
@scenario.begin

  @pending @advanced @autonomous-operation
  Scenario: Fully autonomous operation mode
    Given the Multi-Sonicator I/O Controller is fully operational ... skipped in 0.000s
    And advanced features are enabled and configured ... skipped in 0.000s
    And the system has sufficient processing resources available ... skipped in 0.000s
    Given the system supports autonomous operation ... skipped in 0.000s
    When I enable fully autonomous mode ... skipped in 0.000s
    Then the system should operate without human intervention ... skipped in 0.000s
    And it should make all process decisions automatically ... skipped in 0.000s
    And it should handle routine maintenance tasks autonomously ... skipped in 0.000s
    And it should adapt to changing conditions without human input ... skipped in 0.000s
    And it should only request human intervention for exceptional situations ... skipped in 0.000s
    And it should maintain detailed logs of all autonomous decisions ... skipped in 0.000s

@scenario.end
--------------------------------------------------------------------------------
]]>
</system-out></testcase><testcase classname="features.advanced_features.Advanced System Features" name="Swarm intelligence for multi-sonicator coordination" status="skipped" time="0"><skipped /><system-out>
<![CDATA[
@scenario.begin

  @pending @advanced @swarm-intelligence
  Scenario: Swarm intelligence for multi-sonicator coordination
    Given the Multi-Sonicator I/O Controller is fully operational ... skipped in 0.000s
    And advanced features are enabled and configured ... skipped in 0.000s
    And the system has sufficient processing resources available ... skipped in 0.000s
    Given multiple sonicator systems are networked together ... skipped in 0.000s
    When I enable swarm intelligence algorithms ... skipped in 0.000s
    Then the systems should coordinate their operations collectively ... skipped in 0.000s
    And they should share information and learn from each other ... skipped in 0.000s
    And they should optimize global performance across all systems ... skipped in 0.000s
    And they should adapt collectively to changing conditions ... skipped in 0.000s
    And they should demonstrate emergent intelligent behavior ... skipped in 0.000s
    And they should maintain coordination even with partial system failures ... skipped in 0.000s

@scenario.end
--------------------------------------------------------------------------------
]]>
</system-out></testcase><testcase classname="features.advanced_features.Advanced System Features" name="Virtual reality training and maintenance" status="skipped" time="0"><skipped /><system-out>
<![CDATA[
@scenario.begin

  @pending @advanced @virtual-reality
  Scenario: Virtual reality training and maintenance
    Given the Multi-Sonicator I/O Controller is fully operational ... skipped in 0.000s
    And advanced features are enabled and configured ... skipped in 0.000s
    And the system has sufficient processing resources available ... skipped in 0.000s
    Given the system supports virtual reality interfaces ... skipped in 0.000s
    When I access VR training and maintenance modes ... skipped in 0.000s
    Then I should be able to train operators in a virtual environment ... skipped in 0.000s
    And I should be able to practice maintenance procedures safely ... skipped in 0.000s
    And I should be able to visualize complex system interactions ... skipped in 0.000s
    And I should be able to simulate emergency scenarios for training ... skipped in 0.000s
    And I should be able to collaborate remotely with experts ... skipped in 0.000s
    And I should be able to overlay digital information on physical systems ... skipped in 0.000s

@scenario.end
--------------------------------------------------------------------------------
]]>
</system-out></testcase><testcase classname="features.advanced_features.Advanced System Features" name="Neuromorphic computing for brain-inspired processing" status="skipped" time="0"><skipped /><system-out>
<![CDATA[
@scenario.begin

  @pending @advanced @neuromorphic-computing
  Scenario: Neuromorphic computing for brain-inspired processing
    Given the Multi-Sonicator I/O Controller is fully operational ... skipped in 0.000s
    And advanced features are enabled and configured ... skipped in 0.000s
    And the system has sufficient processing resources available ... skipped in 0.000s
    Given the system includes neuromorphic computing capabilities ... skipped in 0.000s
    When I enable brain-inspired processing algorithms ... skipped in 0.000s
    Then the system should process information like biological neural networks ... skipped in 0.000s
    And it should learn and adapt continuously from experience ... skipped in 0.000s
    And it should handle uncertainty and incomplete information naturally ... skipped in 0.000s
    And it should consume minimal power while processing complex patterns ... skipped in 0.000s
    And it should demonstrate fault tolerance and graceful degradation ... skipped in 0.000s
    And it should enable new forms of intelligent system behavior ... skipped in 0.000s

@scenario.end
--------------------------------------------------------------------------------
]]>
</system-out></testcase></testsuite>