<testsuite name="features.smoke.Smoke" tests="1" errors="0" failures="0" skipped="1" time="0.0" timestamp="2025-09-05T12:14:59.153959" hostname="Corbans-Mini.home"><testcase classname="features.smoke.Smoke" name="SMK-001 Harness runs a passing step" status="skipped" time="0"><skipped /><system-out>
<![CDATA[
@scenario.begin
  Scenario: SMK-001 Harness runs a passing step
    Given the emulation profile is simulavr ... skipped in 0.000s
    Then the harness sanity check passes ... skipped in 0.000s
    And the serial device is available for the harness ... skipped in 0.000s

@scenario.end
--------------------------------------------------------------------------------
]]>
</system-out></testcase></testsuite>