<testsuite name="features.communication.Communication Acceptance" tests="2" errors="0" failures="0" skipped="2" time="0.0" timestamp="2025-09-05T12:14:59.057022" hostname="Corbans-Mini.home"><testcase classname="features.communication.Communication Acceptance" name="Communication basic acceptance" status="skipped" time="0"><skipped /><system-out>
<![CDATA[
@scenario.begin

  @communication @implemented
  Scenario: Communication basic acceptance
    Given the hardware is initialized ... skipped in 0.000s
    When the communication feature is exercised ... skipped in 0.000s
    Then the expected result is observed ... skipped in 0.000s

@scenario.end
--------------------------------------------------------------------------------
]]>
</system-out></testcase><testcase classname="features.communication.Communication Acceptance" name="Communication advanced acceptance (pending implementation)" status="skipped" time="0"><skipped /><system-out>
<![CDATA[
@scenario.begin

  @pending
  Scenario: Communication advanced acceptance (pending implementation)
    Given the hardware is initialized ... skipped in 0.000s
    When the advanced communication feature is exercised ... skipped in 0.000s
    Then the expected advanced result is observed ... skipped in 0.000s

@scenario.end
--------------------------------------------------------------------------------
]]>
</system-out></testcase></testsuite>