<testsuite name="features.regulatory_compliance.Regulatory Compliance and Standards Validation" tests="14" errors="0" failures="0" skipped="14" time="0.0" timestamp="2025-09-05T16:09:46.662910" hostname="Corbans-Mini.home"><testcase classname="features.regulatory_compliance.Regulatory Compliance and Standards Validation" name="FDA 21 CFR Part 11 compliance validation" status="skipped" time="0"><skipped /><system-out>
<![CDATA[
@scenario.begin

  @compliance @regulatory @critical
  Scenario: FDA 21 CFR Part 11 compliance validation
    Given the Multi-Sonicator I/O Controller is configured for compliance testing ... skipped in 0.000s
    And all required documentation is available ... skipped in 0.000s
    And the system is in a controlled test environment ... skipped in 0.000s
    Given the system is configured for pharmaceutical manufacturing ... skipped in 0.000s
    When I test electronic record keeping capabilities ... skipped in 0.000s
    Then all process data should be stored with digital signatures ... skipped in 0.000s
    And audit trails should be maintained for all system changes ... skipped in 0.000s
    And user access should be controlled with unique identifications ... skipped in 0.000s
    And data integrity should be maintained throughout the lifecycle ... skipped in 0.000s
    And electronic signatures should be legally binding ... skipped in 0.000s
    And the system should prevent unauthorized data modification ... skipped in 0.000s

@scenario.end
--------------------------------------------------------------------------------
]]>
</system-out></testcase><testcase classname="features.regulatory_compliance.Regulatory Compliance and Standards Validation" name="ISO 9001 quality management compliance" status="skipped" time="0"><skipped /><system-out>
<![CDATA[
@scenario.begin

  @compliance @regulatory @critical
  Scenario: ISO 9001 quality management compliance
    Given the Multi-Sonicator I/O Controller is configured for compliance testing ... skipped in 0.000s
    And all required documentation is available ... skipped in 0.000s
    And the system is in a controlled test environment ... skipped in 0.000s
    Given the system is part of a quality management system ... skipped in 0.000s
    When I validate quality control processes ... skipped in 0.000s
    Then all process parameters should be documented and controlled ... skipped in 0.000s
    And calibration records should be maintained for all instruments ... skipped in 0.000s
    And corrective and preventive actions should be tracked ... skipped in 0.000s
    And management review processes should be supported ... skipped in 0.000s
    And continuous improvement should be facilitated ... skipped in 0.000s
    And customer satisfaction should be measurable ... skipped in 0.000s

@scenario.end
--------------------------------------------------------------------------------
]]>
</system-out></testcase><testcase classname="features.regulatory_compliance.Regulatory Compliance and Standards Validation" name="IEC 61508 functional safety compliance" status="skipped" time="0"><skipped /><system-out>
<![CDATA[
@scenario.begin

  @compliance @regulatory @safety
  Scenario: IEC 61508 functional safety compliance
    Given the Multi-Sonicator I/O Controller is configured for compliance testing ... skipped in 0.000s
    And all required documentation is available ... skipped in 0.000s
    And the system is in a controlled test environment ... skipped in 0.000s
    Given the system includes safety-critical functions ... skipped in 0.000s
    When I validate functional safety requirements ... skipped in 0.000s
    Then safety integrity levels should be properly classified ... skipped in 0.000s
    And systematic failures should be prevented through design ... skipped in 0.000s
    And random hardware failures should be controlled ... skipped in 0.000s
    And safety lifecycle processes should be followed ... skipped in 0.000s
    And verification and validation should be documented ... skipped in 0.000s
    And functional safety management should be implemented ... skipped in 0.000s

@scenario.end
--------------------------------------------------------------------------------
]]>
</system-out></testcase><testcase classname="features.regulatory_compliance.Regulatory Compliance and Standards Validation" name="IEC 61010 electrical safety compliance" status="skipped" time="0"><skipped /><system-out>
<![CDATA[
@scenario.begin

  @compliance @regulatory @electrical
  Scenario: IEC 61010 electrical safety compliance
    Given the Multi-Sonicator I/O Controller is configured for compliance testing ... skipped in 0.000s
    And all required documentation is available ... skipped in 0.000s
    And the system is in a controlled test environment ... skipped in 0.000s
    Given the system is used in laboratory/industrial environments ... skipped in 0.000s
    When I test electrical safety requirements ... skipped in 0.000s
    Then protection against electric shock should be verified ... skipped in 0.000s
    And protection against energy hazards should be confirmed ... skipped in 0.000s
    And protection against fire hazards should be validated ... skipped in 0.000s
    And protection against mechanical hazards should be tested ... skipped in 0.000s
    And protection against chemical hazards should be assessed ... skipped in 0.000s
    And environmental requirements should be met ... skipped in 0.000s

@scenario.end
--------------------------------------------------------------------------------
]]>
</system-out></testcase><testcase classname="features.regulatory_compliance.Regulatory Compliance and Standards Validation" name="EMC directive compliance (2014/30/EU)" status="skipped" time="0"><skipped /><system-out>
<![CDATA[
@scenario.begin

  @compliance @regulatory @emc
  Scenario: EMC directive compliance (2014/30/EU)
    Given the Multi-Sonicator I/O Controller is configured for compliance testing ... skipped in 0.000s
    And all required documentation is available ... skipped in 0.000s
    And the system is in a controlled test environment ... skipped in 0.000s
    Given the system must meet electromagnetic compatibility requirements ... skipped in 0.000s
    When I perform EMC testing ... skipped in 0.000s
    Then electromagnetic emissions should be within prescribed limits ... skipped in 0.000s
    And electromagnetic immunity should meet minimum requirements ... skipped in 0.000s
    And the system should not interfere with other equipment ... skipped in 0.000s
    And the system should operate correctly in its electromagnetic environment ... skipped in 0.000s
    And CE marking requirements should be satisfied ... skipped in 0.000s
    And technical documentation should be complete ... skipped in 0.000s

@scenario.end
--------------------------------------------------------------------------------
]]>
</system-out></testcase><testcase classname="features.regulatory_compliance.Regulatory Compliance and Standards Validation" name="RoHS directive compliance (2011/65/EU)" status="skipped" time="0"><skipped /><system-out>
<![CDATA[
@scenario.begin

  @compliance @regulatory @environmental
  Scenario: RoHS directive compliance (2011/65/EU)
    Given the Multi-Sonicator I/O Controller is configured for compliance testing ... skipped in 0.000s
    And all required documentation is available ... skipped in 0.000s
    And the system is in a controlled test environment ... skipped in 0.000s
    Given the system must comply with hazardous substance restrictions ... skipped in 0.000s
    When I validate material composition ... skipped in 0.000s
    Then lead content should be below 0.1% by weight ... skipped in 0.000s
    And mercury content should be below 0.1% by weight ... skipped in 0.000s
    And cadmium content should be below 0.01% by weight ... skipped in 0.000s
    And hexavalent chromium should be below 0.1% by weight ... skipped in 0.000s
    And PBB/PBDE flame retardants should be below 0.1% by weight ... skipped in 0.000s
    And supplier declarations should be documented ... skipped in 0.000s

@scenario.end
--------------------------------------------------------------------------------
]]>
</system-out></testcase><testcase classname="features.regulatory_compliance.Regulatory Compliance and Standards Validation" name="GDPR data protection compliance" status="skipped" time="0"><skipped /><system-out>
<![CDATA[
@scenario.begin

  @compliance @regulatory @data-protection
  Scenario: GDPR data protection compliance
    Given the Multi-Sonicator I/O Controller is configured for compliance testing ... skipped in 0.000s
    And all required documentation is available ... skipped in 0.000s
    And the system is in a controlled test environment ... skipped in 0.000s
    Given the system processes personal data ... skipped in 0.000s
    When I validate data protection measures ... skipped in 0.000s
    Then data processing should have a lawful basis ... skipped in 0.000s
    And data subjects should have appropriate rights ... skipped in 0.000s
    And data should be processed transparently ... skipped in 0.000s
    And data minimization principles should be followed ... skipped in 0.000s
    And data accuracy should be maintained ... skipped in 0.000s
    And storage limitation should be respected ... skipped in 0.000s
    And appropriate security measures should be implemented ... skipped in 0.000s

@scenario.end
--------------------------------------------------------------------------------
]]>
</system-out></testcase><testcase classname="features.regulatory_compliance.Regulatory Compliance and Standards Validation" name="IEC 62443 industrial cybersecurity compliance" status="skipped" time="0"><skipped /><system-out>
<![CDATA[
@scenario.begin

  @compliance @regulatory @cybersecurity
  Scenario: IEC 62443 industrial cybersecurity compliance
    Given the Multi-Sonicator I/O Controller is configured for compliance testing ... skipped in 0.000s
    And all required documentation is available ... skipped in 0.000s
    And the system is in a controlled test environment ... skipped in 0.000s
    Given the system is connected to industrial networks ... skipped in 0.000s
    When I validate cybersecurity requirements ... skipped in 0.000s
    Then security levels should be properly classified ... skipped in 0.000s
    And access control should be implemented appropriately ... skipped in 0.000s
    And data integrity should be protected ... skipped in 0.000s
    And availability should be maintained ... skipped in 0.000s
    And confidentiality should be preserved where required ... skipped in 0.000s
    And security monitoring should be in place ... skipped in 0.000s

@scenario.end
--------------------------------------------------------------------------------
]]>
</system-out></testcase><testcase classname="features.regulatory_compliance.Regulatory Compliance and Standards Validation" name="ISO/IEC 17025 calibration compliance" status="skipped" time="0"><skipped /><system-out>
<![CDATA[
@scenario.begin

  @compliance @regulatory @calibration
  Scenario: ISO/IEC 17025 calibration compliance
    Given the Multi-Sonicator I/O Controller is configured for compliance testing ... skipped in 0.000s
    And all required documentation is available ... skipped in 0.000s
    And the system is in a controlled test environment ... skipped in 0.000s
    Given the system includes measurement instruments ... skipped in 0.000s
    When I validate calibration processes ... skipped in 0.000s
    Then measurement traceability should be established ... skipped in 0.000s
    And calibration intervals should be appropriate ... skipped in 0.000s
    And calibration procedures should be documented ... skipped in 0.000s
    And measurement uncertainty should be evaluated ... skipped in 0.000s
    And calibration records should be maintained ... skipped in 0.000s
    And competence of calibration personnel should be demonstrated ... skipped in 0.000s

@scenario.end
--------------------------------------------------------------------------------
]]>
</system-out></testcase><testcase classname="features.regulatory_compliance.Regulatory Compliance and Standards Validation" name="Technical documentation compliance" status="skipped" time="0"><skipped /><system-out>
<![CDATA[
@scenario.begin

  @compliance @regulatory @documentation
  Scenario: Technical documentation compliance
    Given the Multi-Sonicator I/O Controller is configured for compliance testing ... skipped in 0.000s
    And all required documentation is available ... skipped in 0.000s
    And the system is in a controlled test environment ... skipped in 0.000s
    Given the system requires comprehensive documentation ... skipped in 0.000s
    When I validate documentation completeness ... skipped in 0.000s
    Then user manuals should be complete and accurate ... skipped in 0.000s
    And installation instructions should be clear ... skipped in 0.000s
    And maintenance procedures should be documented ... skipped in 0.000s
    And safety information should be prominent ... skipped in 0.000s
    And regulatory declarations should be included ... skipped in 0.000s
    And version control should be maintained ... skipped in 0.000s

@scenario.end
--------------------------------------------------------------------------------
]]>
</system-out></testcase><testcase classname="features.regulatory_compliance.Regulatory Compliance and Standards Validation" name="Medical device regulation compliance (MDR 2017/745)" status="skipped" time="0"><skipped /><system-out>
<![CDATA[
@scenario.begin

  @pending @compliance @regulatory @medical
  Scenario: Medical device regulation compliance (MDR 2017/745)
    Given the Multi-Sonicator I/O Controller is configured for compliance testing ... skipped in 0.000s
    And all required documentation is available ... skipped in 0.000s
    And the system is in a controlled test environment ... skipped in 0.000s
    Given the system is used in medical device manufacturing ... skipped in 0.000s
    When I validate medical device requirements ... skipped in 0.000s
    Then risk management should follow ISO 14971 ... skipped in 0.000s
    And quality management should follow ISO 13485 ... skipped in 0.000s
    And clinical evaluation should be documented ... skipped in 0.000s
    And post-market surveillance should be planned ... skipped in 0.000s
    And unique device identification should be implemented ... skipped in 0.000s
    And authorized representative should be designated ... skipped in 0.000s

@scenario.end
--------------------------------------------------------------------------------
]]>
</system-out></testcase><testcase classname="features.regulatory_compliance.Regulatory Compliance and Standards Validation" name="Export control compliance" status="skipped" time="0"><skipped /><system-out>
<![CDATA[
@scenario.begin

  @pending @compliance @regulatory @export
  Scenario: Export control compliance
    Given the Multi-Sonicator I/O Controller is configured for compliance testing ... skipped in 0.000s
    And all required documentation is available ... skipped in 0.000s
    And the system is in a controlled test environment ... skipped in 0.000s
    Given the system may be exported internationally ... skipped in 0.000s
    When I validate export control requirements ... skipped in 0.000s
    Then export classification should be determined ... skipped in 0.000s
    And dual-use technology should be identified ... skipped in 0.000s
    And export licenses should be obtained where required ... skipped in 0.000s
    And end-user verification should be performed ... skipped in 0.000s
    And re-export restrictions should be documented ... skipped in 0.000s
    And compliance monitoring should be maintained ... skipped in 0.000s

@scenario.end
--------------------------------------------------------------------------------
]]>
</system-out></testcase><testcase classname="features.regulatory_compliance.Regulatory Compliance and Standards Validation" name="ISO 14001 environmental management compliance" status="skipped" time="0"><skipped /><system-out>
<![CDATA[
@scenario.begin

  @pending @compliance @regulatory @environmental-management
  Scenario: ISO 14001 environmental management compliance
    Given the Multi-Sonicator I/O Controller is configured for compliance testing ... skipped in 0.000s
    And all required documentation is available ... skipped in 0.000s
    And the system is in a controlled test environment ... skipped in 0.000s
    Given the system is part of an environmental management system ... skipped in 0.000s
    When I validate environmental requirements ... skipped in 0.000s
    Then environmental aspects should be identified ... skipped in 0.000s
    And environmental impacts should be evaluated ... skipped in 0.000s
    And environmental objectives should be established ... skipped in 0.000s
    And environmental performance should be monitored ... skipped in 0.000s
    And legal compliance should be ensured ... skipped in 0.000s
    And continual improvement should be demonstrated ... skipped in 0.000s

@scenario.end
--------------------------------------------------------------------------------
]]>
</system-out></testcase><testcase classname="features.regulatory_compliance.Regulatory Compliance and Standards Validation" name="Energy efficiency directive compliance" status="skipped" time="0"><skipped /><system-out>
<![CDATA[
@scenario.begin

  @pending @compliance @regulatory @energy-efficiency
  Scenario: Energy efficiency directive compliance
    Given the Multi-Sonicator I/O Controller is configured for compliance testing ... skipped in 0.000s
    And all required documentation is available ... skipped in 0.000s
    And the system is in a controlled test environment ... skipped in 0.000s
    Given the system must meet energy efficiency requirements ... skipped in 0.000s
    When I validate energy performance ... skipped in 0.000s
    Then energy consumption should be measured and reported ... skipped in 0.000s
    And energy efficiency should meet minimum standards ... skipped in 0.000s
    And energy management systems should be implemented ... skipped in 0.000s
    And energy audits should be performed regularly ... skipped in 0.000s
    And energy saving opportunities should be identified ... skipped in 0.000s
    And energy performance indicators should be tracked ... skipped in 0.000s

@scenario.end
--------------------------------------------------------------------------------
]]>
</system-out></testcase></testsuite>