        -:    0:Source:test_hal.c
        -:    0:Graph:test_hal.gcno
        -:    0:Data:test_hal.gcda
        -:    0:Runs:12
        -:    0:Programs:1
        -:    1:/**
        -:    2: * @file test_hal.c
        -:    3: * @brief Comprehensive Unit Tests for Hardware Abstraction Layer (HAL)
        -:    4: * @author Cannasol Technologies
        -:    5: * @date 2025-09-04
        -:    6: * @version 1.0.0
        -:    7: *
        -:    8: * @details
        -:    9: * Unity-based unit tests for HAL module achieving 90% code coverage.
        -:   10: * Tests all HAL subsystems: GPIO, ADC, PWM, UART, Timer.
        -:   11: */
        -:   12:
        -:   13:#ifdef UNIT_TEST
        -:   14:
        -:   15:#include "../unity_config.h"
        -:   16:#include "../../../src/modules/hal/hal.h"
        -:   17:#include "../../../src/modules/hal/gpio.h"
        -:   18:#include "../../../src/modules/hal/adc.h"
        -:   19:#include "../../../src/modules/hal/pwm.h"
        -:   20:#include "../../../src/modules/hal/uart.h"
        -:   21:#include "../../../src/modules/hal/timer.h"
        -:   22:
        -:   23:// ============================================================================
        -:   24:// TEST FIXTURE SETUP
        -:   25:// ============================================================================
        -:   26:
      132:   27:void setUp(void) {
        -:   28:    // Reset HAL state before each test
        -:   29:    // Note: In native environment, this may be mocked
      132:   30:}
        -:   31:
      132:   32:void tearDown(void) {
        -:   33:    // Clean up after each test
        -:   34:    // Note: In native environment, this may be mocked
      132:   35:}
        -:   36:
        -:   37:// ============================================================================
        -:   38:// HAL CORE FUNCTIONALITY TESTS
        -:   39:// ============================================================================
        -:   40:
       12:   41:void test_hal_init_success(void) {
       12:   42:    hal_result_t result = hal_init();
       12:   43:    TEST_ASSERT_EQUAL(HAL_OK, result);
       12:   44:    COVERAGE_MARK_FUNCTION(hal_init);
       12:   45:}
        -:   46:
       12:   47:void test_hal_init_idempotent(void) {
        -:   48:    // Test that multiple init calls are safe
       12:   49:    TEST_ASSERT_EQUAL(HAL_OK, hal_init());
       12:   50:    TEST_ASSERT_EQUAL(HAL_OK, hal_init());
       12:   51:    COVERAGE_MARK_FUNCTION(hal_init_idempotent);
       12:   52:}
        -:   53:
       12:   54:void test_hal_self_test_all_modules(void) {
       12:   55:    hal_init();
        -:   56:
        -:   57:    bool gpio_ok, adc_ok, pwm_ok, uart_ok, timer_ok;
       12:   58:    hal_result_t result = hal_self_test(&gpio_ok, &adc_ok, &pwm_ok, &uart_ok, &timer_ok);
        -:   59:
       12:   60:    TEST_ASSERT_EQUAL(HAL_OK, result);
       12:   61:    TEST_ASSERT_VALID_POINTER(&gpio_ok);
       12:   62:    TEST_ASSERT_VALID_POINTER(&adc_ok);
       12:   63:    TEST_ASSERT_VALID_POINTER(&pwm_ok);
       12:   64:    TEST_ASSERT_VALID_POINTER(&uart_ok);
       12:   65:    TEST_ASSERT_VALID_POINTER(&timer_ok);
       12:   66:    COVERAGE_MARK_FUNCTION(hal_self_test);
       12:   67:}
        -:   68:
       12:   69:void test_hal_self_test_null_parameters(void) {
       12:   70:    hal_init();
        -:   71:
        -:   72:    // Test with NULL parameters - should handle gracefully
       12:   73:    hal_result_t result = hal_self_test(NULL, NULL, NULL, NULL, NULL);
       12:   74:    TEST_ASSERT_NOT_EQUAL(HAL_OK, result);
       12:   75:    COVERAGE_MARK_BRANCH(1);
       12:   76:}
        -:   77:
       12:   78:void test_hal_emergency_shutdown(void) {
       12:   79:    hal_init();
       12:   80:    hal_result_t result = hal_emergency_shutdown();
       12:   81:    TEST_ASSERT_EQUAL(HAL_OK, result);
       12:   82:    COVERAGE_MARK_FUNCTION(hal_emergency_shutdown);
       12:   83:}
        -:   84:
       12:   85:void test_hal_get_status_valid_parameters(void) {
       12:   86:    hal_init();
        -:   87:    bool initialized;
        -:   88:    uint32_t uptime_ms;
        -:   89:    uint16_t errors;
        -:   90:
       12:   91:    hal_result_t result = hal_get_status(&initialized, &uptime_ms, &errors);
       12:   92:    TEST_ASSERT_EQUAL(HAL_OK, result);
       12:   93:    TEST_ASSERT_TRUE(initialized);
       12:   94:    TEST_ASSERT_GREATER_OR_EQUAL_UINT32(0, uptime_ms);
       12:   95:    COVERAGE_MARK_FUNCTION(hal_get_status);
       12:   96:}
        -:   97:
       12:   98:void test_hal_get_status_null_parameters(void) {
       12:   99:    hal_init();
        -:  100:
        -:  101:    // Test with NULL parameters
       12:  102:    hal_result_t result = hal_get_status(NULL, NULL, NULL);
       12:  103:    TEST_ASSERT_NOT_EQUAL(HAL_OK, result);
       12:  104:    COVERAGE_MARK_BRANCH(2);
       12:  105:}
        -:  106:
       12:  107:void test_hal_read_all_sonicator_status(void) {
       12:  108:    hal_init();
        -:  109:    sonicator_status_t status_array[4];
        -:  110:
       12:  111:    hal_result_t result = hal_read_all_sonicator_status(status_array);
       12:  112:    TEST_ASSERT_EQUAL(HAL_OK, result);
        -:  113:
        -:  114:    // Verify status array is populated
       60:  115:    for (int i = 0; i < 4; i++) {
       48:  116:        TEST_ASSERT_GREATER_OR_EQUAL_FLOAT(0.0f, status_array[i].power_watts);
       48:  117:        TEST_ASSERT_GREATER_THAN_UINT16(0, status_array[i].frequency_hz);
       48:  118:    }
       12:  119:    COVERAGE_MARK_FUNCTION(hal_read_all_sonicator_status);
       12:  120:}
        -:  121:
       12:  122:void test_hal_read_single_sonicator_status_valid_id(void) {
       12:  123:    hal_init();
        -:  124:    sonicator_status_t status;
        -:  125:
       60:  126:    for (uint8_t id = 1; id <= 4; id++) {
       48:  127:        hal_result_t result = hal_read_sonicator_status(id, &status);
       48:  128:        TEST_ASSERT_EQUAL(HAL_OK, result);
       48:  129:        TEST_ASSERT_GREATER_OR_EQUAL_FLOAT(0.0f, status.power_watts);
       48:  130:        TEST_ASSERT_GREATER_THAN_UINT16(0, status.frequency_hz);
       48:  131:    }
       12:  132:    COVERAGE_MARK_FUNCTION(hal_read_sonicator_status);
       12:  133:}
        -:  134:
       12:  135:void test_hal_read_single_sonicator_status_invalid_id(void) {
       12:  136:    hal_init();
        -:  137:    sonicator_status_t status;
        -:  138:
        -:  139:    // Test invalid IDs
       12:  140:    TEST_ASSERT_NOT_EQUAL(HAL_OK, hal_read_sonicator_status(0, &status));
       12:  141:    TEST_ASSERT_NOT_EQUAL(HAL_OK, hal_read_sonicator_status(5, &status));
       12:  142:    COVERAGE_MARK_BRANCH(3);
       12:  143:}
        -:  144:
       12:  145:void test_hal_read_single_sonicator_status_null_status(void) {
       12:  146:    hal_init();
        -:  147:
       12:  148:    hal_result_t result = hal_read_sonicator_status(1, NULL);
       12:  149:    TEST_ASSERT_NOT_EQUAL(HAL_OK, result);
       12:  150:    COVERAGE_MARK_BRANCH(4);
       12:  151:}
        -:  152:
        -:  153:// ============================================================================
        -:  154:// MAIN TEST RUNNER
        -:  155:// ============================================================================
        -:  156:
       12:  157:int main(void) {
       12:  158:    UNITY_BEGIN();
        -:  159:
        -:  160:    // HAL Core Tests
       12:  161:    RUN_TEST(test_hal_init_success);
       12:  162:    RUN_TEST(test_hal_init_idempotent);
       12:  163:    RUN_TEST(test_hal_self_test_all_modules);
       12:  164:    RUN_TEST(test_hal_self_test_null_parameters);
       12:  165:    RUN_TEST(test_hal_emergency_shutdown);
       12:  166:    RUN_TEST(test_hal_get_status_valid_parameters);
       12:  167:    RUN_TEST(test_hal_get_status_null_parameters);
       12:  168:    RUN_TEST(test_hal_read_all_sonicator_status);
       12:  169:    RUN_TEST(test_hal_read_single_sonicator_status_valid_id);
       12:  170:    RUN_TEST(test_hal_read_single_sonicator_status_invalid_id);
       12:  171:    RUN_TEST(test_hal_read_single_sonicator_status_null_status);
        -:  172:
       12:  173:    return UNITY_END();
        -:  174:}
        -:  175:
        -:  176:#endif // UNIT_TEST
