        -:    0:Source:test_hal.c
        -:    0:Graph:test_hal.gcno
        -:    0:Data:test_hal.gcda
        -:    0:Runs:7
        -:    0:Programs:1
        -:    1:/**
        -:    2: * @file test_hal.c
        -:    3: * @brief Comprehensive Unit Tests for Hardware Abstraction Layer (HAL)
        -:    4: * @author Cannasol Technologies
        -:    5: * @date 2025-09-04
        -:    6: * @version 1.0.0
        -:    7: *
        -:    8: * @details
        -:    9: * Unity-based unit tests for HAL module achieving 90% code coverage.
        -:   10: * Tests all HAL subsystems: GPIO, ADC, PWM, UART, Timer.
        -:   11: */
        -:   12:
        -:   13:#ifdef UNIT_TEST
        -:   14:
        -:   15:#include "../unity_config.h"
        -:   16:#include "../../../src/modules/hal/hal.h"
        -:   17:#include "../../../src/modules/hal/gpio.h"
        -:   18:#include "../../../src/modules/hal/adc.h"
        -:   19:#include "../../../src/modules/hal/pwm.h"
        -:   20:#include "../../../src/modules/hal/uart.h"
        -:   21:#include "../../../src/modules/hal/timer.h"
        -:   22:
        -:   23:// ============================================================================
        -:   24:// TEST FIXTURE SETUP
        -:   25:// ============================================================================
        -:   26:
       77:   27:void setUp(void) {
        -:   28:    // Reset HAL state before each test
        -:   29:    // Note: In native environment, this may be mocked
       77:   30:}
        -:   31:
       77:   32:void tearDown(void) {
        -:   33:    // Clean up after each test
        -:   34:    // Note: In native environment, this may be mocked
       77:   35:}
        -:   36:
        -:   37:// ============================================================================
        -:   38:// HAL CORE FUNCTIONALITY TESTS
        -:   39:// ============================================================================
        -:   40:
        7:   41:void test_hal_init_success(void) {
        7:   42:    hal_result_t result = hal_init();
        7:   43:    TEST_ASSERT_EQUAL(HAL_OK, result);
        7:   44:    COVERAGE_MARK_FUNCTION(hal_init);
        7:   45:}
        -:   46:
        7:   47:void test_hal_init_idempotent(void) {
        -:   48:    // Test that multiple init calls are safe
        7:   49:    TEST_ASSERT_EQUAL(HAL_OK, hal_init());
        7:   50:    TEST_ASSERT_EQUAL(HAL_OK, hal_init());
        7:   51:    COVERAGE_MARK_FUNCTION(hal_init_idempotent);
        7:   52:}
        -:   53:
        7:   54:void test_hal_self_test_all_modules(void) {
        7:   55:    hal_init();
        -:   56:
        -:   57:    bool gpio_ok, adc_ok, pwm_ok, uart_ok, timer_ok;
        7:   58:    hal_result_t result = hal_self_test(&gpio_ok, &adc_ok, &pwm_ok, &uart_ok, &timer_ok);
        -:   59:
        7:   60:    TEST_ASSERT_EQUAL(HAL_OK, result);
        7:   61:    TEST_ASSERT_VALID_POINTER(&gpio_ok);
        7:   62:    TEST_ASSERT_VALID_POINTER(&adc_ok);
        7:   63:    TEST_ASSERT_VALID_POINTER(&pwm_ok);
        7:   64:    TEST_ASSERT_VALID_POINTER(&uart_ok);
        7:   65:    TEST_ASSERT_VALID_POINTER(&timer_ok);
        7:   66:    COVERAGE_MARK_FUNCTION(hal_self_test);
        7:   67:}
        -:   68:
        7:   69:void test_hal_self_test_null_parameters(void) {
        7:   70:    hal_init();
        -:   71:
        -:   72:    // Test with NULL parameters - should handle gracefully
        7:   73:    hal_result_t result = hal_self_test(NULL, NULL, NULL, NULL, NULL);
        7:   74:    TEST_ASSERT_NOT_EQUAL(HAL_OK, result);
        7:   75:    COVERAGE_MARK_BRANCH(1);
        7:   76:}
        -:   77:
        7:   78:void test_hal_emergency_shutdown(void) {
        7:   79:    hal_init();
        7:   80:    hal_result_t result = hal_emergency_shutdown();
        7:   81:    TEST_ASSERT_EQUAL(HAL_OK, result);
        7:   82:    COVERAGE_MARK_FUNCTION(hal_emergency_shutdown);
        7:   83:}
        -:   84:
        7:   85:void test_hal_get_status_valid_parameters(void) {
        7:   86:    hal_init();
        -:   87:    bool initialized;
        -:   88:    uint32_t uptime_ms;
        -:   89:    uint16_t errors;
        -:   90:
        7:   91:    hal_result_t result = hal_get_status(&initialized, &uptime_ms, &errors);
        7:   92:    TEST_ASSERT_EQUAL(HAL_OK, result);
        7:   93:    TEST_ASSERT_TRUE(initialized);
        7:   94:    TEST_ASSERT_GREATER_OR_EQUAL_UINT32(0, uptime_ms);
        7:   95:    COVERAGE_MARK_FUNCTION(hal_get_status);
        7:   96:}
        -:   97:
        7:   98:void test_hal_get_status_null_parameters(void) {
        7:   99:    hal_init();
        -:  100:
        -:  101:    // Test with NULL parameters
        7:  102:    hal_result_t result = hal_get_status(NULL, NULL, NULL);
        7:  103:    TEST_ASSERT_NOT_EQUAL(HAL_OK, result);
        7:  104:    COVERAGE_MARK_BRANCH(2);
        7:  105:}
        -:  106:
        7:  107:void test_hal_read_all_sonicator_status(void) {
        7:  108:    hal_init();
        -:  109:    sonicator_status_t status_array[4];
        -:  110:
        7:  111:    hal_result_t result = hal_read_all_sonicator_status(status_array);
        7:  112:    TEST_ASSERT_EQUAL(HAL_OK, result);
        -:  113:
        -:  114:    // Verify status array is populated
       35:  115:    for (int i = 0; i < 4; i++) {
       28:  116:        TEST_ASSERT_GREATER_OR_EQUAL_FLOAT(0.0f, status_array[i].power_watts);
       28:  117:        TEST_ASSERT_GREATER_THAN_UINT16(0, status_array[i].frequency_hz);
       28:  118:    }
        7:  119:    COVERAGE_MARK_FUNCTION(hal_read_all_sonicator_status);
        7:  120:}
        -:  121:
        7:  122:void test_hal_read_single_sonicator_status_valid_id(void) {
        7:  123:    hal_init();
        -:  124:    sonicator_status_t status;
        -:  125:
       35:  126:    for (uint8_t id = 1; id <= 4; id++) {
       28:  127:        hal_result_t result = hal_read_sonicator_status(id, &status);
       28:  128:        TEST_ASSERT_EQUAL(HAL_OK, result);
       28:  129:        TEST_ASSERT_GREATER_OR_EQUAL_FLOAT(0.0f, status.power_watts);
       28:  130:        TEST_ASSERT_GREATER_THAN_UINT16(0, status.frequency_hz);
       28:  131:    }
        7:  132:    COVERAGE_MARK_FUNCTION(hal_read_sonicator_status);
        7:  133:}
        -:  134:
        7:  135:void test_hal_read_single_sonicator_status_invalid_id(void) {
        7:  136:    hal_init();
        -:  137:    sonicator_status_t status;
        -:  138:
        -:  139:    // Test invalid IDs
        7:  140:    TEST_ASSERT_NOT_EQUAL(HAL_OK, hal_read_sonicator_status(0, &status));
        7:  141:    TEST_ASSERT_NOT_EQUAL(HAL_OK, hal_read_sonicator_status(5, &status));
        7:  142:    COVERAGE_MARK_BRANCH(3);
        7:  143:}
        -:  144:
        7:  145:void test_hal_read_single_sonicator_status_null_status(void) {
        7:  146:    hal_init();
        -:  147:
        7:  148:    hal_result_t result = hal_read_sonicator_status(1, NULL);
        7:  149:    TEST_ASSERT_NOT_EQUAL(HAL_OK, result);
        7:  150:    COVERAGE_MARK_BRANCH(4);
        7:  151:}
        -:  152:
        -:  153:// ============================================================================
        -:  154:// MAIN TEST RUNNER
        -:  155:// ============================================================================
        -:  156:
        7:  157:int main(void) {
        7:  158:    UNITY_BEGIN();
        -:  159:
        -:  160:    // HAL Core Tests
        7:  161:    RUN_TEST(test_hal_init_success);
        7:  162:    RUN_TEST(test_hal_init_idempotent);
        7:  163:    RUN_TEST(test_hal_self_test_all_modules);
        7:  164:    RUN_TEST(test_hal_self_test_null_parameters);
        7:  165:    RUN_TEST(test_hal_emergency_shutdown);
        7:  166:    RUN_TEST(test_hal_get_status_valid_parameters);
        7:  167:    RUN_TEST(test_hal_get_status_null_parameters);
        7:  168:    RUN_TEST(test_hal_read_all_sonicator_status);
        7:  169:    RUN_TEST(test_hal_read_single_sonicator_status_valid_id);
        7:  170:    RUN_TEST(test_hal_read_single_sonicator_status_invalid_id);
        7:  171:    RUN_TEST(test_hal_read_single_sonicator_status_null_status);
        -:  172:
        7:  173:    return UNITY_END();
        -:  174:}
        -:  175:
        -:  176:#endif // UNIT_TEST
